Change Component Designator: Old Designator=C48 New Designator=C57
Change Component Designator: Old Designator=C49 New Designator=C58
Change Component Designator: Old Designator=C50 New Designator=C59
Change Component Designator: Old Designator=C51 New Designator=C60
Change Component Designator: Old Designator=C52 New Designator=C61
Change Component Designator: Old Designator=C53 New Designator=C62
Change Component Designator: Old Designator=C54 New Designator=C63
Change Component Designator: Old Designator=C55 New Designator=C64
Change Component Designator: Old Designator=C56 New Designator=C65
Change Component Designator: Old Designator=C57 New Designator=C66
Change Component Designator: Old Designator=C58 New Designator=C67
Change Component Designator: Old Designator=C59 New Designator=C68
Change Component Designator: Old Designator=C60 New Designator=C69
Change Component Designator: Old Designator=C61 New Designator=C70
Change Component Designator: Old Designator=C62 New Designator=C71
Change Component Designator: Old Designator=C63 New Designator=C72
Change Component Designator: Old Designator=C64 New Designator=C73
Change Component Designator: Old Designator=C65 New Designator=C74
Change Component Designator: Old Designator=C66 New Designator=C75
Change Component Designator: Old Designator=C67 New Designator=C76
Change Component Designator: Old Designator=C68 New Designator=C77
Change Component Designator: Old Designator=C69 New Designator=C78
Change Component Designator: Old Designator=C70 New Designator=C79
Change Component Designator: Old Designator=C71 New Designator=C80
Change Component Designator: Old Designator=C72 New Designator=C81
Change Component Designator: Old Designator=C73 New Designator=C82
Change Component Designator: Old Designator=C74 New Designator=C83
Change Component Designator: Old Designator=C75 New Designator=C84
Change Component Designator: Old Designator=C76 New Designator=C85
Change Component Designator: Old Designator=C77 New Designator=C86
Change Component Designator: Old Designator=C78 New Designator=C87
Change Component Designator: Old Designator=C79 New Designator=C88
Change Component Designator: Old Designator=C80 New Designator=C89
Change Component Designator: Old Designator=C81 New Designator=C90
Change Component Designator: Old Designator=C82 New Designator=C91
Change Component Designator: Old Designator=C83 New Designator=C92
Change Component Designator: Old Designator=C84 New Designator=C93
Change Component Designator: Old Designator=C85 New Designator=C94
Change Component Designator: Old Designator=C86 New Designator=C95
Change Component Designator: Old Designator=C87 New Designator=C96
Change Component Designator: Old Designator=D17 New Designator=D11
Change Component Designator: Old Designator=D18 New Designator=D12
Change Component Designator: Old Designator=D19 New Designator=D13
Change Component Designator: Old Designator=D20 New Designator=D14
Change Component Designator: Old Designator=D21 New Designator=D15
Change Component Designator: Old Designator=D22 New Designator=D16
Change Component Designator: Old Designator=D23 New Designator=D17
Change Component Designator: Old Designator=D24 New Designator=D18
Change Component Designator: Old Designator=D25 New Designator=D19
Change Component Designator: Old Designator=D26 New Designator=D20
Change Component Designator: Old Designator=J2 New Designator=J6
Change Component Designator: Old Designator=J3 New Designator=J7
Change Component Designator: Old Designator=J4 New Designator=J8
Change Component Designator: Old Designator=J5 New Designator=J9
Change Component Designator: Old Designator=J6 New Designator=J10
Change Component Designator: Old Designator=J7 New Designator=J11
Change Component Designator: Old Designator=J8 New Designator=J12
Change Component Designator: Old Designator=J9 New Designator=J13
Change Component Designator: Old Designator=J10 New Designator=J14
Change Component Designator: Old Designator=J11 New Designator=J15
Change Component Designator: Old Designator=L3 New Designator=L12
Change Component Designator: Old Designator=L4 New Designator=L13
Change Component Designator: Old Designator=L5 New Designator=L14
Change Component Designator: Old Designator=L6 New Designator=L15
Change Component Designator: Old Designator=L7 New Designator=L16
Change Component Designator: Old Designator=L8 New Designator=L17
Change Component Designator: Old Designator=L9 New Designator=L18
Change Component Designator: Old Designator=L10 New Designator=L19
Change Component Designator: Old Designator=L11 New Designator=L20
Change Component Designator: Old Designator=L12 New Designator=L21
Change Component Designator: Old Designator=R33 New Designator=R39
Change Component Designator: Old Designator=R34 New Designator=R40
Change Component Designator: Old Designator=R35 New Designator=R41
Change Component Designator: Old Designator=R36 New Designator=R42
Change Component Designator: Old Designator=R37 New Designator=R43
Change Component Designator: Old Designator=R38 New Designator=R44
Change Component Designator: Old Designator=R39 New Designator=R45
Change Component Designator: Old Designator=R40 New Designator=R46
Change Component Designator: Old Designator=R41 New Designator=R48
Change Component Designator: Old Designator=R42 New Designator=R47
Change Component Designator: Old Designator=R43 New Designator=R49
Change Component Designator: Old Designator=R44 New Designator=R50
Change Component Designator: Old Designator=R45 New Designator=R51
Change Component Designator: Old Designator=R46 New Designator=R52
Change Component Designator: Old Designator=R47 New Designator=R53
Change Component Designator: Old Designator=R48 New Designator=R54
Change Component Designator: Old Designator=R49 New Designator=R55
Change Component Designator: Old Designator=R50 New Designator=R56
Change Component Designator: Old Designator=R51 New Designator=R57
Change Component Designator: Old Designator=R52 New Designator=R58
Change Component Designator: Old Designator=R53 New Designator=R59
Change Component Designator: Old Designator=R54 New Designator=R60
Change Component Designator: Old Designator=R55 New Designator=R61
Change Component Designator: Old Designator=R56 New Designator=R62
Change Component Designator: Old Designator=R57 New Designator=R63
Change Component Designator: Old Designator=R58 New Designator=R64
Change Component Designator: Old Designator=R59 New Designator=R65
Change Component Designator: Old Designator=R60 New Designator=R66
Change Component Designator: Old Designator=R61 New Designator=R67
Change Component Designator: Old Designator=R62 New Designator=R68
Change Component Designator: Old Designator=R63 New Designator=R69
Change Component Designator: Old Designator=R64 New Designator=R70
Change Component Designator: Old Designator=R65 New Designator=R71
Change Component Designator: Old Designator=R66 New Designator=R72
Change Component Designator: Old Designator=R67 New Designator=R73
Change Component Designator: Old Designator=R68 New Designator=R74
Change Component Designator: Old Designator=R69 New Designator=R75
Change Component Designator: Old Designator=R70 New Designator=R76
Change Component Designator: Old Designator=R71 New Designator=R77
Change Component Designator: Old Designator=R72 New Designator=R78
Change Component Designator: Old Designator=U13 New Designator=U20
Change Component Designator: Old Designator=U14 New Designator=U21
Change Component Designator: Old Designator=U15 New Designator=U22
Change Component Designator: Old Designator=U16 New Designator=U23
Change Component Designator: Old Designator=U17 New Designator=U24
Change Component Designator: Old Designator=U18 New Designator=U25
Change Component Designator: Old Designator=U19 New Designator=U26
Change Component Designator: Old Designator=U20 New Designator=U27
Change Component Designator: Old Designator=U21 New Designator=U28
Change Component Designator: Old Designator=U22 New Designator=U29
Change Component Designator: Old Designator=U23 New Designator=U30
Change Component Designator: Old Designator=U24 New Designator=U31
Change Component Designator: Old Designator=U25 New Designator=U32
Change Component Designator: Old Designator=U26 New Designator=U33
Change Component Designator: Old Designator=U27 New Designator=U34
Change Component Designator: Old Designator=U28 New Designator=U35
Change Component Designator: Old Designator=U29 New Designator=U36
Change Component Designator: Old Designator=U30 New Designator=U37
Change Component Designator: Old Designator=U31 New Designator=U38
Change Component Designator: Old Designator=U32 New Designator=U39
