Removed Pin From Net: NetName=V_BAT Pin=D1-2
Removed Pin From Net: NetName=V_BAT Pin=D7-1
Removed Pin From Net: NetName=VOUT_BOOST Pin=D9-1
Removed Pin From Net: NetName=GND Pin=D9-2
Change Component Comment : Designator=D9 Old Comment=15V TVS New Comment=Cree CLVBA-FKA-CAEDH8BBB7A363
Change Component Designator: OldDesignator=F? NewDesignator=F1
Change Component Designator: OldDesignator=J1 NewDesignator=J2
Change Component Designator: OldDesignator=J2 NewDesignator=J3
Change Component Designator: OldDesignator=J3 NewDesignator=J4
Change Component Designator: OldDesignator=J4 NewDesignator=J5
Change Component Designator: OldDesignator=J5 NewDesignator=J6
Change Component Designator: OldDesignator=J6 NewDesignator=J7
Change Component Designator: OldDesignator=J7 NewDesignator=J8
Change Component Designator: OldDesignator=J8 NewDesignator=J9
Change Component Designator: OldDesignator=J9 NewDesignator=J10
Change Component Designator: OldDesignator=J10 NewDesignator=J11
Change Component Designator: OldDesignator=J11 NewDesignator=J12
Change Component Designator: OldDesignator=J12 NewDesignator=J13
Change Component Designator: OldDesignator=J13 NewDesignator=J14
Change Component Designator: OldDesignator=J14 NewDesignator=J15
Change Component Designator: OldDesignator=J15 NewDesignator=J16
Change Component Designator: OldDesignator=Q4 NewDesignator=Q5
Change Component Designator: OldDesignator=Q5 NewDesignator=Q4
Change Component Designator: OldDesignator=R11 NewDesignator=R14
Change Component Designator: OldDesignator=R12 NewDesignator=R15
Change Component Designator: OldDesignator=R13 NewDesignator=R16
Change Component Designator: OldDesignator=R14 NewDesignator=R17
Change Component Designator: OldDesignator=R15 NewDesignator=R18
Change Component Designator: OldDesignator=R16 NewDesignator=R19
Change Component Designator: OldDesignator=R17 NewDesignator=R20
Change Component Designator: OldDesignator=R18 NewDesignator=R21
Change Component Designator: OldDesignator=R19 NewDesignator=R22
Change Component Designator: OldDesignator=R20 NewDesignator=R23
Change Component Designator: OldDesignator=R21 NewDesignator=R24
Change Component Designator: OldDesignator=R22 NewDesignator=R25
Change Component Designator: OldDesignator=R23 NewDesignator=R26
Change Component Designator: OldDesignator=R24 NewDesignator=R27
Change Component Designator: OldDesignator=R25 NewDesignator=R28
Change Component Designator: OldDesignator=R26 NewDesignator=R29
Change Component Designator: OldDesignator=R27 NewDesignator=R30
Change Component Designator: OldDesignator=R28 NewDesignator=R31
Change Component Designator: OldDesignator=R29 NewDesignator=R32
Change Component Designator: OldDesignator=R30 NewDesignator=R33
Change Component Designator: OldDesignator=R31 NewDesignator=R34
Change Component Designator: OldDesignator=R32 NewDesignator=R35
Change Component Designator: OldDesignator=R33 NewDesignator=R36
Change Component Designator: OldDesignator=R34 NewDesignator=R37
Change Component Designator: OldDesignator=R35 NewDesignator=R38
Change Component Designator: OldDesignator=R36 NewDesignator=R39
Change Component Designator: OldDesignator=R37 NewDesignator=R40
Change Component Designator: OldDesignator=R38 NewDesignator=R41
Change Component Designator: OldDesignator=R39 NewDesignator=R42
Change Component Designator: OldDesignator=R40 NewDesignator=R43
Change Component Designator: OldDesignator=R41 NewDesignator=R44
Change Component Designator: OldDesignator=R42 NewDesignator=R45
Change Component Designator: OldDesignator=R43 NewDesignator=R46
Change Component Designator: OldDesignator=R44 NewDesignator=R47
Change Component Designator: OldDesignator=R45 NewDesignator=R48
Change Component Designator: OldDesignator=R46 NewDesignator=R49
Change Component Designator: OldDesignator=R47 NewDesignator=R50
Change Component Designator: OldDesignator=R48 NewDesignator=R51
Change Component Designator: OldDesignator=R49 NewDesignator=R52
Change Component Designator: OldDesignator=R50 NewDesignator=R53
Change Component Designator: OldDesignator=R51 NewDesignator=R54
Change Component Designator: OldDesignator=R52 NewDesignator=R55
Change Component Designator: OldDesignator=R53 NewDesignator=R56
Change Component Designator: OldDesignator=R54 NewDesignator=R57
Change Component Designator: OldDesignator=R55 NewDesignator=R58
Change Component Designator: OldDesignator=R56 NewDesignator=R59
Change Component Designator: OldDesignator=R57 NewDesignator=R60
Change Component Designator: OldDesignator=R58 NewDesignator=R61
Change Component Designator: OldDesignator=R59 NewDesignator=R62
Change Component Designator: OldDesignator=R60 NewDesignator=R63
Change Component Designator: OldDesignator=R61 NewDesignator=R64
Change Component Designator: OldDesignator=R62 NewDesignator=R65
Change Component Designator: OldDesignator=R63 NewDesignator=R66
Change Component Designator: OldDesignator=R64 NewDesignator=R67
Change Component Designator: OldDesignator=R65 NewDesignator=R68
Change Component Designator: OldDesignator=R66 NewDesignator=R69
Change Component Designator: OldDesignator=R67 NewDesignator=R70
Change Component Designator: OldDesignator=R68 NewDesignator=R71
Change Component Designator: OldDesignator=R69 NewDesignator=R72
Change Component Designator: OldDesignator=R70 NewDesignator=R73
Change Component Designator: OldDesignator=R71 NewDesignator=R74
Change Component Designator: OldDesignator=R72 NewDesignator=R75
Change Component Designator: OldDesignator=R73 NewDesignator=R76
Change Component Designator: OldDesignator=R74 NewDesignator=R77
Change Component Designator: OldDesignator=R75 NewDesignator=R78
Change Component Designator: OldDesignator=R76 NewDesignator=R79
Change Component Designator: OldDesignator=R77 NewDesignator=R80
Change Component Designator: OldDesignator=R78 NewDesignator=R81
Added Component: Designator=J1(TE 2-1445050-2)
Added Component: Designator=R11(0805 (2012 Metric) Resistor Footprint)
Added Component: Designator=R12(0805 (2012 Metric) Resistor Footprint)
Added Component: Designator=R13(0805 (2012 Metric) Resistor Footprint)
Added Pin To Net: NetName=+5V Pin=D9-2
Added Pin To Net: NetName=V_BAT Pin=J1-1
Change Net Name : Old Net Name=NetJ2_2 New Net Name=NetJ3_2
Change Net Name : Old Net Name=NetJ6_2 New Net Name=NetJ7_2
Change Net Name : Old Net Name=NetJ6_3 New Net Name=NetJ7_3
Change Net Name : Old Net Name=NetJ7_2 New Net Name=NetJ8_2
Change Net Name : Old Net Name=NetJ7_3 New Net Name=NetJ8_3
Change Net Name : Old Net Name=NetJ8_2 New Net Name=NetJ9_2
Change Net Name : Old Net Name=NetJ8_3 New Net Name=NetJ9_3
Change Net Name : Old Net Name=NetJ9_2 New Net Name=NetJ10_2
Change Net Name : Old Net Name=NetJ9_3 New Net Name=NetJ10_3
Change Net Name : Old Net Name=NetJ10_2 New Net Name=NetJ11_2
Change Net Name : Old Net Name=NetJ10_3 New Net Name=NetJ11_3
Change Net Name : Old Net Name=NetJ11_2 New Net Name=NetJ12_2
Change Net Name : Old Net Name=NetJ11_3 New Net Name=NetJ12_3
Change Net Name : Old Net Name=NetJ12_2 New Net Name=NetJ13_2
Change Net Name : Old Net Name=NetJ12_3 New Net Name=NetJ13_3
Change Net Name : Old Net Name=NetJ13_2 New Net Name=NetJ14_2
Change Net Name : Old Net Name=NetJ13_3 New Net Name=NetJ14_3
Change Net Name : Old Net Name=NetJ14_2 New Net Name=NetJ15_2
Change Net Name : Old Net Name=NetJ14_3 New Net Name=NetJ15_3
Change Net Name : Old Net Name=NetJ15_2 New Net Name=NetJ16_2
Change Net Name : Old Net Name=NetJ15_3 New Net Name=NetJ16_3
Change Net Name : Old Net Name=NetR13_2 New Net Name=NetR16_2
Change Net Name : Old Net Name=NetR14_2 New Net Name=NetR17_2
Change Net Name : Old Net Name=NetR15_2 New Net Name=NetR18_2
Change Net Name : Old Net Name=NetR16_2 New Net Name=NetR19_2
Change Net Name : Old Net Name=NetR17_2 New Net Name=NetR20_2
Change Net Name : Old Net Name=NetR18_2 New Net Name=NetR21_2
Change Net Name : Old Net Name=NetR19_2 New Net Name=NetR22_2
Change Net Name : Old Net Name=NetR20_2 New Net Name=NetR23_2
Change Net Name : Old Net Name=NetR21_1 New Net Name=NetR24_1
Change Net Name : Old Net Name=NetR22_1 New Net Name=NetR25_1
Change Net Name : Old Net Name=NetR23_1 New Net Name=NetR26_1
Change Net Name : Old Net Name=NetR28_1 New Net Name=NetR31_1
Change Net Name : Old Net Name=NetR34_1 New Net Name=NetR37_1
Added Pin To Net: NetName=NetD1_1 Pin=D1-2
Added Pin To Net: NetName=NetD1_1 Pin=D7-1
Added Pin To Net: NetName=NetD1_1 Pin=J1-2
Added Net: Name=NetD1_1
Added Pin To Net: NetName=NetD9_1 Pin=D9-1
Added Pin To Net: NetName=NetD9_1 Pin=R13-1
Added Net: Name=NetD9_1
Added Pin To Net: NetName=NetD9_3 Pin=R11-2
Added Net: Name=NetD9_3
Added Pin To Net: NetName=NetD9_4 Pin=R12-2
Added Net: Name=NetD9_4
Added Pin To Net: NetName=STATUS_B Pin=R11-1
Added Pin To Net: NetName=STATUS_B Pin=U5-58
Added Net: Name=STATUS_B
Added Pin To Net: NetName=STATUS_G Pin=R12-1
Added Pin To Net: NetName=STATUS_G Pin=U5-57
Added Net: Name=STATUS_G
Added Pin To Net: NetName=STATUS_R Pin=R13-2
Added Pin To Net: NetName=STATUS_R Pin=U5-56
Added Net: Name=STATUS_R
