Removed Pin From Net: NetName=+3.3V_A Pin=C18-2
Removed Pin From Net: NetName=+3.3V_A Pin=C19-2
Removed Pin From Net: NetName=+3.3V_A Pin=C46-2
Removed Pin From Net: NetName=+3.3V_A Pin=C47-2
Removed Pin From Net: NetName=+3.3V_A Pin=C51-2
Removed Pin From Net: NetName=+3.3V_A Pin=C52-2
Removed Pin From Net: NetName=+3.3V_A Pin=C56-2
Removed Pin From Net: NetName=+3.3V_A Pin=FB2-2
Removed Pin From Net: NetName=+3.3V_A Pin=R6-2
Removed Pin From Net: NetName=+3.3V_A Pin=U5-13
Removed Pin From Net: NetName=+3.3V_A Pin=U15-1
Removed Pin From Net: NetName=+3.3V_A Pin=U16-5
Removed Pin From Net: NetName=+3.3V_A Pin=U17-5
Removed Pin From Net: NetName=+3.3V_A Pin=U18-1
Removed Pin From Net: NetName=+3.3V_A Pin=U19-5
Added Pin To Net: NetName=+3.3V_A Pin=U15-2
Added Pin To Net: NetName=+3.3V_A Pin=U18-2
Change Net Name : Old Net Name=+3.3V_A New Net Name=GND
Added Pin To Net: NetName=+3.3V_A Pin=C18-2
Added Pin To Net: NetName=+3.3V_A Pin=C19-2
Added Pin To Net: NetName=+3.3V_A Pin=C46-2
Added Pin To Net: NetName=+3.3V_A Pin=C47-2
Added Pin To Net: NetName=+3.3V_A Pin=C51-2
Added Pin To Net: NetName=+3.3V_A Pin=C52-2
Added Pin To Net: NetName=+3.3V_A Pin=C56-2
Added Pin To Net: NetName=+3.3V_A Pin=FB2-2
Added Pin To Net: NetName=+3.3V_A Pin=R6-2
Added Pin To Net: NetName=+3.3V_A Pin=U5-13
Added Pin To Net: NetName=+3.3V_A Pin=U15-1
Added Pin To Net: NetName=+3.3V_A Pin=U16-5
Added Pin To Net: NetName=+3.3V_A Pin=U17-5
Added Pin To Net: NetName=+3.3V_A Pin=U18-1
Added Pin To Net: NetName=+3.3V_A Pin=U19-5
Added Net: Name=+3.3V_A
