Added Component: Designator=C1(Kemet T491-Series (7343))
Added Component: Designator=C2(TDK C-Series (2012))
Added Component: Designator=C3(TDK C-Series (2012))
Added Component: Designator=C4(TDK C-Series (2012))
Added Component: Designator=C5(TDK C-Series (2012))
Added Component: Designator=C6(TDK C-Series (2012))
Added Component: Designator=C7(TDK C-Series (2012))
Added Component: Designator=C8(TDK C-Series (2012))
Added Component: Designator=C9(TDK C-Series (2012))
Added Component: Designator=C10(TDK C-Series (2012))
Added Component: Designator=C11(TDK C-Series (2012))
Added Component: Designator=C12(TDK C-Series (2012))
Added Component: Designator=C13(TDK C-Series (2012))
Added Component: Designator=C14(TDK C-Series (2012))
Added Component: Designator=C15(TDK C-Series (2012))
Added Component: Designator=C16(TDK C-Series (2012))
Added Component: Designator=C17(TDK C-Series (2012))
Added Component: Designator=C18(TDK C-Series (2012))
Added Component: Designator=C19(TDK C-Series (2012))
Added Component: Designator=C22(TDK C-Series (2012))
Added Component: Designator=C23(TDK C-Series (2012))
Added Component: Designator=C24(TDK C-Series (2012))
Added Component: Designator=C25(TDK C-Series (2012))
Added Component: Designator=C26(TDK C-Series (2012))
Added Component: Designator=C27(TDK C-Series (2012))
Added Component: Designator=C28(TDK C-Series (2012))
Added Component: Designator=C29(TDK C-Series (2012))
Added Component: Designator=C30(TDK C-Series (2012))
Added Component: Designator=C31(TDK C-Series (2012))
Added Component: Designator=C32(TDK C-Series (2012))
Added Component: Designator=C33(TDK C-Series (2012))
Added Component: Designator=C34(TDK C-Series (2012))
Added Component: Designator=C35(Panasonic (2920) 1mF Capacitor EEFK_J16)
Added Component: Designator=C36(TDK C-Series (2012))
Added Component: Designator=C37(TDK C-Series (2012))
Added Component: Designator=C38(Panasonic (2920) 1mF Capacitor EEFK_J16)
Added Component: Designator=C39(TDK C-Series (2012))
Added Component: Designator=C40(TDK C-Series (2012))
Added Component: Designator=C41(Panasonic (2920) 1mF Capacitor EEFK_J16)
Added Component: Designator=C42(Panasonic (2920) 1mF Capacitor EEFK_J16)
Added Component: Designator=C43(Panasonic (2920) 1mF Capacitor EEFK_J16)
Added Component: Designator=C44(TDK C-Series (2012))
Added Component: Designator=C45(TDK C-Series (2012))
Added Component: Designator=C46(TDK C-Series (2012))
Added Component: Designator=C47(TDK C-Series (2012))
Added Component: Designator=C48(TDK C-Series (2012))
Added Component: Designator=C49(TDK C-Series (2012))
Added Component: Designator=C50(TDK C-Series (2012))
Added Component: Designator=C51(TDK C-Series (2012))
Added Component: Designator=C52(TDK C-Series (2012))
Added Component: Designator=C53(TDK C-Series (2012))
Added Component: Designator=C54(TDK C-Series (2012))
Added Component: Designator=C55(TDK C-Series (2012))
Added Component: Designator=C56(TDK C-Series (2012))
Added Component: Designator=C57(TDK C-Series (2012))
Added Component: Designator=C58(TDK C-Series (2012))
Added Component: Designator=C59(TDK C-Series (2012))
Added Component: Designator=C60(TDK C-Series (2012))
Added Component: Designator=C61(TDK C-Series (2012))
Added Component: Designator=C62(TDK C-Series (2012))
Added Component: Designator=C63(TDK C-Series (2012))
Added Component: Designator=C64(TDK C-Series (2012))
Added Component: Designator=C65(TDK C-Series (2012))
Added Component: Designator=C66(TDK C-Series (2012))
Added Component: Designator=C67(TDK C-Series (2012))
Added Component: Designator=C68(TDK C-Series (2012))
Added Component: Designator=C69(TDK C-Series (2012))
Added Component: Designator=C70(TDK C-Series (2012))
Added Component: Designator=C71(TDK C-Series (2012))
Added Component: Designator=C72(TDK C-Series (2012))
Added Component: Designator=C73(TDK C-Series (2012))
Added Component: Designator=C74(TDK C-Series (2012))
Added Component: Designator=C75(TDK C-Series (2012))
Added Component: Designator=C76(TDK C-Series (2012))
Added Component: Designator=C77(TDK C-Series (2012))
Added Component: Designator=C78(TDK C-Series (2012))
Added Component: Designator=C79(TDK C-Series (2012))
Added Component: Designator=C80(TDK C-Series (2012))
Added Component: Designator=C81(TDK C-Series (2012))
Added Component: Designator=C82(TDK C-Series (2012))
Added Component: Designator=C83(TDK C-Series (2012))
Added Component: Designator=C84(TDK C-Series (2012))
Added Component: Designator=C85(TDK C-Series (2012))
Added Component: Designator=C86(TDK C-Series (2012))
Added Component: Designator=C87(TDK C-Series (2012))
Added Component: Designator=C88(TDK C-Series (2012))
Added Component: Designator=C89(TDK C-Series (2012))
Added Component: Designator=C90(TDK C-Series (2012))
Added Component: Designator=C91(TDK C-Series (2012))
Added Component: Designator=C92(TDK C-Series (2012))
Added Component: Designator=C93(TDK C-Series (2012))
Added Component: Designator=C94(TDK C-Series (2012))
Added Component: Designator=C95(TDK C-Series (2012))
Added Component: Designator=C96(TDK C-Series (2012))
Added Component: Designator=D1(NXP PMEG6020AELRX (SOD-123))
Added Component: Designator=D2(Lite-On LTST-C193K-Series (1608))
Added Component: Designator=D3(Lite-On LTST-C193K-Series (1608))
Added Component: Designator=D4(Lite-On LTST-C193K-Series (1608))
Added Component: Designator=D5(Lite-On LTST-C193K-Series (1608))
Added Component: Designator=D6(Lite-On LTST-C193K-Series (1608))
Added Component: Designator=D7(NXP PTVSxS1UR-Series (SOD123W))
Added Component: Designator=D8(SMC - SMDA03C)
Added Component: Designator=D9(Bourns Inc. SMBJ Series (DO-214AA))
Added Component: Designator=D10(Bourns Inc. SMBJ Series (DO-214AA))
Added Component: Designator=D11(NXP PMEG6020AELRX (SOD-123))
Added Component: Designator=D12(NXP PMEG6020AELRX (SOD-123))
Added Component: Designator=D13(NXP PMEG6020AELRX (SOD-123))
Added Component: Designator=D14(NXP PMEG6020AELRX (SOD-123))
Added Component: Designator=D15(NXP PMEG6020AELRX (SOD-123))
Added Component: Designator=D16(NXP PMEG6020AELRX (SOD-123))
Added Component: Designator=D17(NXP PMEG6020AELRX (SOD-123))
Added Component: Designator=D18(NXP PMEG6020AELRX (SOD-123))
Added Component: Designator=D19(NXP PMEG6020AELRX (SOD-123))
Added Component: Designator=D20(NXP PMEG6020AELRX (SOD-123))
Added Component: Designator=F2(Eaton 1025HC Fuse 20-30A)
Added Component: Designator=F?(Eaton 1025HC Fuse 40-50A)
Added Component: Designator=FB1(TDK MPZ1608-Series (1608))
Added Component: Designator=FB2(TDK MPZ1608-Series (1608))
Added Component: Designator=J1(Wurth 6 Pin Header)
Added Component: Designator=J2(TE 2-1445050-2)
Added Component: Designator=J3(2-TE-1986242)
Added Component: Designator=J4(2-TE-1986242)
Added Component: Designator=J5(2-TE-1986242)
Added Component: Designator=J6(Amphenol USB Type 3.0)
Added Component: Designator=J7(Amphenol USB Type 3.0)
Added Component: Designator=J8(Amphenol USB Type 3.0)
Added Component: Designator=J9(Amphenol USB Type 3.0)
Added Component: Designator=J10(Amphenol USB Type 3.0)
Added Component: Designator=J11(Amphenol USB Type 3.0)
Added Component: Designator=J12(Amphenol USB Type 3.0)
Added Component: Designator=J13(Amphenol USB Type 3.0)
Added Component: Designator=J14(Amphenol USB Type 3.0)
Added Component: Designator=J15(Amphenol USB Type 3.0)
Added Component: Designator=L1(Bourns SRR4028-Series)
Added Component: Designator=L2(Bourns SRR4028-Series)
Added Component: Designator=L3(Bourns SRR4028-Series)
Added Component: Designator=L4(Bourns SRR4028-Series)
Added Component: Designator=L5(Bourns SRR4028-Series)
Added Component: Designator=L6(Wurth WE-HCF Inductor)
Added Component: Designator=L7(Wurth WE-HCF Inductor)
Added Component: Designator=L8(Wurth WE-HCF Inductor)
Added Component: Designator=L9(Wurth WE-HCF Inductor)
Added Component: Designator=L10(Wurth WE-HCF Inductor)
Added Component: Designator=L11(Wurth WE-HCF Inductor)
Added Component: Designator=L12(Taiyo Yuden 47uH Inductor NR6045)
Added Component: Designator=L13(Taiyo Yuden 47uH Inductor NR6045)
Added Component: Designator=L14(Taiyo Yuden 47uH Inductor NR6045)
Added Component: Designator=L15(Taiyo Yuden 47uH Inductor NR6045)
Added Component: Designator=L16(Taiyo Yuden 47uH Inductor NR6045)
Added Component: Designator=L17(Taiyo Yuden 47uH Inductor NR6045)
Added Component: Designator=L18(Taiyo Yuden 47uH Inductor NR6045)
Added Component: Designator=L19(Taiyo Yuden 47uH Inductor NR6045)
Added Component: Designator=L20(Taiyo Yuden 47uH Inductor NR6045)
Added Component: Designator=L21(Taiyo Yuden 47uH Inductor NR6045)
Added Component: Designator=Q1(TO-220AB)
Added Component: Designator=Q2(TO-220AB)
Added Component: Designator=Q3(TO-220AB)
Added Component: Designator=Q4(TO-220AB)
Added Component: Designator=Q5(TO-220AB)
Added Component: Designator=R1(0805 (2012 Metric) Resistor Footprint)
Added Component: Designator=R2(0805 (2012 Metric) Resistor Footprint)
Added Component: Designator=R3(0805 (2012 Metric) Resistor Footprint)
Added Component: Designator=R4(0805 (2012 Metric) Resistor Footprint)
Added Component: Designator=R5(0805 (2012 Metric) Resistor Footprint)
Added Component: Designator=R6(0805 (2012 Metric) Resistor Footprint)
Added Component: Designator=R7(0805 (2012 Metric) Resistor Footprint)
Added Component: Designator=R8(0805 (2012 Metric) Resistor Footprint)
Added Component: Designator=R9(0805 (2012 Metric) Resistor Footprint)
Added Component: Designator=R10(0805 (2012 Metric) Resistor Footprint)
Added Component: Designator=R11(0805 (2012 Metric) Resistor Footprint)
Added Component: Designator=R12(0805 (2012 Metric) Resistor Footprint)
Added Component: Designator=R13(0805 (2012 Metric) Resistor Footprint)
Added Component: Designator=R14(0805 (2012 Metric) Resistor Footprint)
Added Component: Designator=R15(0805 (2012 Metric) Resistor Footprint)
Added Component: Designator=R16(0805 (2012 Metric) Resistor Footprint)
Added Component: Designator=R17(0805 (2012 Metric) Resistor Footprint)
Added Component: Designator=R18(0805 (2012 Metric) Resistor Footprint)
Added Component: Designator=R19(0805 (2012 Metric) Resistor Footprint)
Added Component: Designator=R20(0805 (2012 Metric) Resistor Footprint)
Added Component: Designator=R21(0805 (2012 Metric) Resistor Footprint)
Added Component: Designator=R22(0805 (2012 Metric) Resistor Footprint)
Added Component: Designator=R23(0805 (2012 Metric) Resistor Footprint)
Added Component: Designator=R24(0805 (2012 Metric) Resistor Footprint)
Added Component: Designator=R25(0805 (2012 Metric) Resistor Footprint)
Added Component: Designator=R26(0805 (2012 Metric) Resistor Footprint)
Added Component: Designator=R27(0805 (2012 Metric) Resistor Footprint)
Added Component: Designator=R28(0805 (2012 Metric) Resistor Footprint)
Added Component: Designator=R29(0805 (2012 Metric) Resistor Footprint)
Added Component: Designator=R30(0805 (2012 Metric) Resistor Footprint)
Added Component: Designator=R31(0805 (2012 Metric) Resistor Footprint)
Added Component: Designator=R32(0805 (2012 Metric) Resistor Footprint)
Added Component: Designator=R33(0805 (2012 Metric) Resistor Footprint)
Added Component: Designator=R34(0805 (2012 Metric) Resistor Footprint)
Added Component: Designator=R35(0805 (2012 Metric) Resistor Footprint)
Added Component: Designator=R36(0805 (2012 Metric) Resistor Footprint)
Added Component: Designator=R37(0805 (2012 Metric) Resistor Footprint)
Added Component: Designator=R38(0805 (2012 Metric) Resistor Footprint)
Added Component: Designator=R39(0805 (2012 Metric) Resistor Footprint)
Added Component: Designator=R40(0805 (2012 Metric) Resistor Footprint)
Added Component: Designator=R41(0805 (2012 Metric) Resistor Footprint)
Added Component: Designator=R42(0805 (2012 Metric) Resistor Footprint)
Added Component: Designator=R43(0805 (2012 Metric) Resistor Footprint)
Added Component: Designator=R44(0805 (2012 Metric) Resistor Footprint)
Added Component: Designator=R45(0805 (2012 Metric) Resistor Footprint)
Added Component: Designator=R46(0805 (2012 Metric) Resistor Footprint)
Added Component: Designator=R47(0805 (2012 Metric) Resistor Footprint)
Added Component: Designator=R48(0805 (2012 Metric) Resistor Footprint)
Added Component: Designator=R49(0805 (2012 Metric) Resistor Footprint)
Added Component: Designator=R50(0805 (2012 Metric) Resistor Footprint)
Added Component: Designator=R51(0805 (2012 Metric) Resistor Footprint)
Added Component: Designator=R52(0805 (2012 Metric) Resistor Footprint)
Added Component: Designator=R53(0805 (2012 Metric) Resistor Footprint)
Added Component: Designator=R54(0805 (2012 Metric) Resistor Footprint)
Added Component: Designator=R55(0805 (2012 Metric) Resistor Footprint)
Added Component: Designator=R56(0805 (2012 Metric) Resistor Footprint)
Added Component: Designator=R57(0805 (2012 Metric) Resistor Footprint)
Added Component: Designator=R58(0805 (2012 Metric) Resistor Footprint)
Added Component: Designator=R59(0805 (2012 Metric) Resistor Footprint)
Added Component: Designator=R60(0805 (2012 Metric) Resistor Footprint)
Added Component: Designator=R61(0805 (2012 Metric) Resistor Footprint)
Added Component: Designator=R62(0805 (2012 Metric) Resistor Footprint)
Added Component: Designator=R63(0805 (2012 Metric) Resistor Footprint)
Added Component: Designator=R64(0805 (2012 Metric) Resistor Footprint)
Added Component: Designator=R65(0805 (2012 Metric) Resistor Footprint)
Added Component: Designator=R66(0805 (2012 Metric) Resistor Footprint)
Added Component: Designator=R67(0805 (2012 Metric) Resistor Footprint)
Added Component: Designator=R68(0805 (2012 Metric) Resistor Footprint)
Added Component: Designator=R69(0805 (2012 Metric) Resistor Footprint)
Added Component: Designator=R70(0805 (2012 Metric) Resistor Footprint)
Added Component: Designator=R71(0805 (2012 Metric) Resistor Footprint)
Added Component: Designator=R72(0805 (2012 Metric) Resistor Footprint)
Added Component: Designator=R73(0805 (2012 Metric) Resistor Footprint)
Added Component: Designator=R74(0805 (2012 Metric) Resistor Footprint)
Added Component: Designator=R75(0805 (2012 Metric) Resistor Footprint)
Added Component: Designator=R76(0805 (2012 Metric) Resistor Footprint)
Added Component: Designator=R77(0805 (2012 Metric) Resistor Footprint)
Added Component: Designator=R78(0805 (2012 Metric) Resistor Footprint)
Added Component: Designator=U1(TI TPS25921ADR (8-SOIC))
Added Component: Designator=U2(Maxim MAX15062BATA+ (8-TDFN))
Added Component: Designator=U3(STMicroelectronics LDK120 (SOT323-5))
Added Component: Designator=U4(STMicroelectronics LDK120 (SOT323-5))
Added Component: Designator=U5(64-LQFP STM32 Package)
Added Component: Designator=U6(Infineon 8-SOIC)
Added Component: Designator=U7(Infineon 8-SOIC)
Added Component: Designator=U8(CUI Inc. PDM1 DC-DC Converter)
Added Component: Designator=U9(CUI Inc. PDM1 DC-DC Converter)
Added Component: Designator=U10(Infineon 8-SOIC)
Added Component: Designator=U11(Infineon 8-SOIC)
Added Component: Designator=U12(CUI Inc. PDM1 DC-DC Converter)
Added Component: Designator=U13(CUI Inc. PDM1 DC-DC Converter)
Added Component: Designator=U14(STMicroelectronics VN7007 E-Fuse)
Added Component: Designator=U15(7-PIN_PSOF)
Added Component: Designator=U16(STMicroelectronics LDK120 (SOT323-5))
Added Component: Designator=U17(STMicroelectronics LDK120 (SOT323-5))
Added Component: Designator=U18(7-PIN_PSOF)
Added Component: Designator=U19(STMicroelectronics LDK120 (SOT323-5))
Added Component: Designator=U20(SOT-23-2)
Added Component: Designator=U21(SOT-23-2)
Added Component: Designator=U22(8-SOIC)
Added Component: Designator=U23(8-SOIC)
Added Component: Designator=U24(SOT-23-2)
Added Component: Designator=U25(8-SOIC)
Added Component: Designator=U26(SOT-23-2)
Added Component: Designator=U27(8-SOIC)
Added Component: Designator=U28(SOT-23-2)
Added Component: Designator=U29(8-SOIC)
Added Component: Designator=U30(SOT-23-2)
Added Component: Designator=U31(8-SOIC)
Added Component: Designator=U32(SOT-23-2)
Added Component: Designator=U33(SOT-23-2)
Added Component: Designator=U34(8-SOIC)
Added Component: Designator=U35(8-SOIC)
Added Component: Designator=U36(SOT-23-2)
Added Component: Designator=U37(8-SOIC)
Added Component: Designator=U38(SOT-23-2)
Added Component: Designator=U39(8-SOIC)
Added Component: Designator=Y1(Abracon ABM3-8.000MHZ-D2Y-T (2-DFN))
Added Pin To Net: NetName=+3.3V_A Pin=C1-2
Added Pin To Net: NetName=+3.3V_A Pin=C2-1
Added Pin To Net: NetName=+3.3V_A Pin=C3-1
Added Pin To Net: NetName=+3.3V_A Pin=C4-2
Added Pin To Net: NetName=+3.3V_A Pin=C5-1
Added Pin To Net: NetName=+3.3V_A Pin=C6-1
Added Pin To Net: NetName=+3.3V_A Pin=C7-1
Added Pin To Net: NetName=+3.3V_A Pin=C8-1
Added Pin To Net: NetName=+3.3V_A Pin=C9-1
Added Pin To Net: NetName=+3.3V_A Pin=C10-1
Added Pin To Net: NetName=+3.3V_A Pin=C11-1
Added Pin To Net: NetName=+3.3V_A Pin=C12-1
Added Pin To Net: NetName=+3.3V_A Pin=C13-1
Added Pin To Net: NetName=+3.3V_A Pin=C14-1
Added Pin To Net: NetName=+3.3V_A Pin=C15-1
Added Pin To Net: NetName=+3.3V_A Pin=C16-1
Added Pin To Net: NetName=+3.3V_A Pin=C17-1
Added Pin To Net: NetName=+3.3V_A Pin=C18-1
Added Pin To Net: NetName=+3.3V_A Pin=C18-2
Added Pin To Net: NetName=+3.3V_A Pin=C19-1
Added Pin To Net: NetName=+3.3V_A Pin=C19-2
Added Pin To Net: NetName=+3.3V_A Pin=C23-1
Added Pin To Net: NetName=+3.3V_A Pin=C25-1
Added Pin To Net: NetName=+3.3V_A Pin=C26-1
Added Pin To Net: NetName=+3.3V_A Pin=C26-2
Added Pin To Net: NetName=+3.3V_A Pin=C27-1
Added Pin To Net: NetName=+3.3V_A Pin=C27-2
Added Pin To Net: NetName=+3.3V_A Pin=C28-1
Added Pin To Net: NetName=+3.3V_A Pin=C29-2
Added Pin To Net: NetName=+3.3V_A Pin=C30-1
Added Pin To Net: NetName=+3.3V_A Pin=C31-2
Added Pin To Net: NetName=+3.3V_A Pin=C32-1
Added Pin To Net: NetName=+3.3V_A Pin=C32-2
Added Pin To Net: NetName=+3.3V_A Pin=C33-1
Added Pin To Net: NetName=+3.3V_A Pin=C33-2
Added Pin To Net: NetName=+3.3V_A Pin=C34-1
Added Pin To Net: NetName=+3.3V_A Pin=C35-2
Added Pin To Net: NetName=+3.3V_A Pin=C38-2
Added Pin To Net: NetName=+3.3V_A Pin=C39-2
Added Pin To Net: NetName=+3.3V_A Pin=C40-2
Added Pin To Net: NetName=+3.3V_A Pin=C41-2
Added Pin To Net: NetName=+3.3V_A Pin=C42-2
Added Pin To Net: NetName=+3.3V_A Pin=C43-2
Added Pin To Net: NetName=+3.3V_A Pin=C45-1
Added Pin To Net: NetName=+3.3V_A Pin=C46-1
Added Pin To Net: NetName=+3.3V_A Pin=C46-2
Added Pin To Net: NetName=+3.3V_A Pin=C47-1
Added Pin To Net: NetName=+3.3V_A Pin=C47-2
Added Pin To Net: NetName=+3.3V_A Pin=C48-1
Added Pin To Net: NetName=+3.3V_A Pin=C50-1
Added Pin To Net: NetName=+3.3V_A Pin=C51-1
Added Pin To Net: NetName=+3.3V_A Pin=C51-2
Added Pin To Net: NetName=+3.3V_A Pin=C52-1
Added Pin To Net: NetName=+3.3V_A Pin=C52-2
Added Pin To Net: NetName=+3.3V_A Pin=C54-1
Added Pin To Net: NetName=+3.3V_A Pin=C55-1
Added Pin To Net: NetName=+3.3V_A Pin=C56-1
Added Pin To Net: NetName=+3.3V_A Pin=C56-2
Added Pin To Net: NetName=+3.3V_A Pin=C57-1
Added Pin To Net: NetName=+3.3V_A Pin=C58-1
Added Pin To Net: NetName=+3.3V_A Pin=C59-1
Added Pin To Net: NetName=+3.3V_A Pin=C60-1
Added Pin To Net: NetName=+3.3V_A Pin=C61-1
Added Pin To Net: NetName=+3.3V_A Pin=C62-2
Added Pin To Net: NetName=+3.3V_A Pin=C63-1
Added Pin To Net: NetName=+3.3V_A Pin=C64-2
Added Pin To Net: NetName=+3.3V_A Pin=C65-1
Added Pin To Net: NetName=+3.3V_A Pin=C66-1
Added Pin To Net: NetName=+3.3V_A Pin=C67-1
Added Pin To Net: NetName=+3.3V_A Pin=C68-2
Added Pin To Net: NetName=+3.3V_A Pin=C69-1
Added Pin To Net: NetName=+3.3V_A Pin=C70-1
Added Pin To Net: NetName=+3.3V_A Pin=C71-1
Added Pin To Net: NetName=+3.3V_A Pin=C72-2
Added Pin To Net: NetName=+3.3V_A Pin=C73-1
Added Pin To Net: NetName=+3.3V_A Pin=C74-1
Added Pin To Net: NetName=+3.3V_A Pin=C75-1
Added Pin To Net: NetName=+3.3V_A Pin=C76-1
Added Pin To Net: NetName=+3.3V_A Pin=C77-1
Added Pin To Net: NetName=+3.3V_A Pin=C78-2
Added Pin To Net: NetName=+3.3V_A Pin=C79-1
Added Pin To Net: NetName=+3.3V_A Pin=C80-2
Added Pin To Net: NetName=+3.3V_A Pin=C81-1
Added Pin To Net: NetName=+3.3V_A Pin=C82-1
Added Pin To Net: NetName=+3.3V_A Pin=C83-1
Added Pin To Net: NetName=+3.3V_A Pin=C84-1
Added Pin To Net: NetName=+3.3V_A Pin=C85-1
Added Pin To Net: NetName=+3.3V_A Pin=C86-2
Added Pin To Net: NetName=+3.3V_A Pin=C87-1
Added Pin To Net: NetName=+3.3V_A Pin=C88-2
Added Pin To Net: NetName=+3.3V_A Pin=C89-1
Added Pin To Net: NetName=+3.3V_A Pin=C90-1
Added Pin To Net: NetName=+3.3V_A Pin=C91-1
Added Pin To Net: NetName=+3.3V_A Pin=C92-1
Added Pin To Net: NetName=+3.3V_A Pin=C93-1
Added Pin To Net: NetName=+3.3V_A Pin=C94-2
Added Pin To Net: NetName=+3.3V_A Pin=C95-1
Added Pin To Net: NetName=+3.3V_A Pin=C96-2
Added Pin To Net: NetName=+3.3V_A Pin=D3-2
Added Pin To Net: NetName=+3.3V_A Pin=D4-2
Added Pin To Net: NetName=+3.3V_A Pin=D5-2
Added Pin To Net: NetName=+3.3V_A Pin=D6-2
Added Pin To Net: NetName=+3.3V_A Pin=D7-2
Added Pin To Net: NetName=+3.3V_A Pin=D8-5
Added Pin To Net: NetName=+3.3V_A Pin=D8-6
Added Pin To Net: NetName=+3.3V_A Pin=D8-7
Added Pin To Net: NetName=+3.3V_A Pin=D8-8
Added Pin To Net: NetName=+3.3V_A Pin=D9-2
Added Pin To Net: NetName=+3.3V_A Pin=D10-2
Added Pin To Net: NetName=+3.3V_A Pin=D11-2
Added Pin To Net: NetName=+3.3V_A Pin=D12-2
Added Pin To Net: NetName=+3.3V_A Pin=D13-2
Added Pin To Net: NetName=+3.3V_A Pin=D14-2
Added Pin To Net: NetName=+3.3V_A Pin=D15-2
Added Pin To Net: NetName=+3.3V_A Pin=D16-2
Added Pin To Net: NetName=+3.3V_A Pin=D17-2
Added Pin To Net: NetName=+3.3V_A Pin=D18-2
Added Pin To Net: NetName=+3.3V_A Pin=D19-2
Added Pin To Net: NetName=+3.3V_A Pin=D20-2
Added Pin To Net: NetName=+3.3V_A Pin=FB2-2
Added Pin To Net: NetName=+3.3V_A Pin=J1-6
Added Pin To Net: NetName=+3.3V_A Pin=J3-2
Added Pin To Net: NetName=+3.3V_A Pin=J3-2
Added Pin To Net: NetName=+3.3V_A Pin=J3-2
Added Pin To Net: NetName=+3.3V_A Pin=J3-2
Added Pin To Net: NetName=+3.3V_A Pin=J4-2
Added Pin To Net: NetName=+3.3V_A Pin=J4-2
Added Pin To Net: NetName=+3.3V_A Pin=J4-2
Added Pin To Net: NetName=+3.3V_A Pin=J4-2
Added Pin To Net: NetName=+3.3V_A Pin=J5-2
Added Pin To Net: NetName=+3.3V_A Pin=J5-2
Added Pin To Net: NetName=+3.3V_A Pin=J5-2
Added Pin To Net: NetName=+3.3V_A Pin=J5-2
Added Pin To Net: NetName=+3.3V_A Pin=J6-4
Added Pin To Net: NetName=+3.3V_A Pin=J7-4
Added Pin To Net: NetName=+3.3V_A Pin=J8-4
Added Pin To Net: NetName=+3.3V_A Pin=J9-4
Added Pin To Net: NetName=+3.3V_A Pin=J10-4
Added Pin To Net: NetName=+3.3V_A Pin=J11-4
Added Pin To Net: NetName=+3.3V_A Pin=J12-4
Added Pin To Net: NetName=+3.3V_A Pin=J13-4
Added Pin To Net: NetName=+3.3V_A Pin=J14-4
Added Pin To Net: NetName=+3.3V_A Pin=J15-4
Added Pin To Net: NetName=+3.3V_A Pin=Q1-3
Added Pin To Net: NetName=+3.3V_A Pin=Q4-3
Added Pin To Net: NetName=+3.3V_A Pin=Q5-3
Added Pin To Net: NetName=+3.3V_A Pin=R6-2
Added Pin To Net: NetName=+3.3V_A Pin=R8-2
Added Pin To Net: NetName=+3.3V_A Pin=R9-2
Added Pin To Net: NetName=+3.3V_A Pin=R12-2
Added Pin To Net: NetName=+3.3V_A Pin=R24-2
Added Pin To Net: NetName=+3.3V_A Pin=R26-1
Added Pin To Net: NetName=+3.3V_A Pin=R29-2
Added Pin To Net: NetName=+3.3V_A Pin=R31-1
Added Pin To Net: NetName=+3.3V_A Pin=R33-2
Added Pin To Net: NetName=+3.3V_A Pin=R36-1
Added Pin To Net: NetName=+3.3V_A Pin=R38-2
Added Pin To Net: NetName=+3.3V_A Pin=R43-2
Added Pin To Net: NetName=+3.3V_A Pin=R44-2
Added Pin To Net: NetName=+3.3V_A Pin=R45-2
Added Pin To Net: NetName=+3.3V_A Pin=R46-2
Added Pin To Net: NetName=+3.3V_A Pin=R51-2
Added Pin To Net: NetName=+3.3V_A Pin=R52-2
Added Pin To Net: NetName=+3.3V_A Pin=R53-2
Added Pin To Net: NetName=+3.3V_A Pin=R54-2
Added Pin To Net: NetName=+3.3V_A Pin=R59-2
Added Pin To Net: NetName=+3.3V_A Pin=R60-2
Added Pin To Net: NetName=+3.3V_A Pin=R61-2
Added Pin To Net: NetName=+3.3V_A Pin=R62-2
Added Pin To Net: NetName=+3.3V_A Pin=R67-2
Added Pin To Net: NetName=+3.3V_A Pin=R68-2
Added Pin To Net: NetName=+3.3V_A Pin=R69-2
Added Pin To Net: NetName=+3.3V_A Pin=R70-2
Added Pin To Net: NetName=+3.3V_A Pin=R75-2
Added Pin To Net: NetName=+3.3V_A Pin=R76-2
Added Pin To Net: NetName=+3.3V_A Pin=R77-2
Added Pin To Net: NetName=+3.3V_A Pin=R78-2
Added Pin To Net: NetName=+3.3V_A Pin=U1-1
Added Pin To Net: NetName=+3.3V_A Pin=U2-5
Added Pin To Net: NetName=+3.3V_A Pin=U2-7
Added Pin To Net: NetName=+3.3V_A Pin=U3-2
Added Pin To Net: NetName=+3.3V_A Pin=U4-2
Added Pin To Net: NetName=+3.3V_A Pin=U5-12
Added Pin To Net: NetName=+3.3V_A Pin=U5-13
Added Pin To Net: NetName=+3.3V_A Pin=U5-18
Added Pin To Net: NetName=+3.3V_A Pin=U5-31
Added Pin To Net: NetName=+3.3V_A Pin=U5-47
Added Pin To Net: NetName=+3.3V_A Pin=U5-60
Added Pin To Net: NetName=+3.3V_A Pin=U5-63
Added Pin To Net: NetName=+3.3V_A Pin=U6-3
Added Pin To Net: NetName=+3.3V_A Pin=U6-4
Added Pin To Net: NetName=+3.3V_A Pin=U7-3
Added Pin To Net: NetName=+3.3V_A Pin=U7-4
Added Pin To Net: NetName=+3.3V_A Pin=U8-2
Added Pin To Net: NetName=+3.3V_A Pin=U9-2
Added Pin To Net: NetName=+3.3V_A Pin=U10-3
Added Pin To Net: NetName=+3.3V_A Pin=U10-4
Added Pin To Net: NetName=+3.3V_A Pin=U10-8
Added Pin To Net: NetName=+3.3V_A Pin=U11-3
Added Pin To Net: NetName=+3.3V_A Pin=U11-4
Added Pin To Net: NetName=+3.3V_A Pin=U11-8
Added Pin To Net: NetName=+3.3V_A Pin=U12-2
Added Pin To Net: NetName=+3.3V_A Pin=U12-3
Added Pin To Net: NetName=+3.3V_A Pin=U13-2
Added Pin To Net: NetName=+3.3V_A Pin=U13-3
Added Pin To Net: NetName=+3.3V_A Pin=U15-1
Added Pin To Net: NetName=+3.3V_A Pin=U16-2
Added Pin To Net: NetName=+3.3V_A Pin=U16-5
Added Pin To Net: NetName=+3.3V_A Pin=U17-2
Added Pin To Net: NetName=+3.3V_A Pin=U17-5
Added Pin To Net: NetName=+3.3V_A Pin=U18-1
Added Pin To Net: NetName=+3.3V_A Pin=U19-2
Added Pin To Net: NetName=+3.3V_A Pin=U19-5
Added Pin To Net: NetName=+3.3V_A Pin=U20-1
Added Pin To Net: NetName=+3.3V_A Pin=U21-1
Added Pin To Net: NetName=+3.3V_A Pin=U22-4
Added Pin To Net: NetName=+3.3V_A Pin=U22-5
Added Pin To Net: NetName=+3.3V_A Pin=U22-6
Added Pin To Net: NetName=+3.3V_A Pin=U22-7
Added Pin To Net: NetName=+3.3V_A Pin=U22-8
Added Pin To Net: NetName=+3.3V_A Pin=U23-4
Added Pin To Net: NetName=+3.3V_A Pin=U23-5
Added Pin To Net: NetName=+3.3V_A Pin=U23-6
Added Pin To Net: NetName=+3.3V_A Pin=U23-7
Added Pin To Net: NetName=+3.3V_A Pin=U23-8
Added Pin To Net: NetName=+3.3V_A Pin=U24-1
Added Pin To Net: NetName=+3.3V_A Pin=U25-4
Added Pin To Net: NetName=+3.3V_A Pin=U25-5
Added Pin To Net: NetName=+3.3V_A Pin=U25-6
Added Pin To Net: NetName=+3.3V_A Pin=U25-7
Added Pin To Net: NetName=+3.3V_A Pin=U25-8
Added Pin To Net: NetName=+3.3V_A Pin=U26-1
Added Pin To Net: NetName=+3.3V_A Pin=U27-4
Added Pin To Net: NetName=+3.3V_A Pin=U27-5
Added Pin To Net: NetName=+3.3V_A Pin=U27-6
Added Pin To Net: NetName=+3.3V_A Pin=U27-7
Added Pin To Net: NetName=+3.3V_A Pin=U27-8
Added Pin To Net: NetName=+3.3V_A Pin=U28-1
Added Pin To Net: NetName=+3.3V_A Pin=U29-4
Added Pin To Net: NetName=+3.3V_A Pin=U29-5
Added Pin To Net: NetName=+3.3V_A Pin=U29-6
Added Pin To Net: NetName=+3.3V_A Pin=U29-7
Added Pin To Net: NetName=+3.3V_A Pin=U29-8
Added Pin To Net: NetName=+3.3V_A Pin=U30-1
Added Pin To Net: NetName=+3.3V_A Pin=U31-4
Added Pin To Net: NetName=+3.3V_A Pin=U31-5
Added Pin To Net: NetName=+3.3V_A Pin=U31-6
Added Pin To Net: NetName=+3.3V_A Pin=U31-7
Added Pin To Net: NetName=+3.3V_A Pin=U31-8
Added Pin To Net: NetName=+3.3V_A Pin=U32-1
Added Pin To Net: NetName=+3.3V_A Pin=U33-1
Added Pin To Net: NetName=+3.3V_A Pin=U34-4
Added Pin To Net: NetName=+3.3V_A Pin=U34-5
Added Pin To Net: NetName=+3.3V_A Pin=U34-6
Added Pin To Net: NetName=+3.3V_A Pin=U34-7
Added Pin To Net: NetName=+3.3V_A Pin=U34-8
Added Pin To Net: NetName=+3.3V_A Pin=U35-4
Added Pin To Net: NetName=+3.3V_A Pin=U35-5
Added Pin To Net: NetName=+3.3V_A Pin=U35-6
Added Pin To Net: NetName=+3.3V_A Pin=U35-7
Added Pin To Net: NetName=+3.3V_A Pin=U35-8
Added Pin To Net: NetName=+3.3V_A Pin=U36-1
Added Pin To Net: NetName=+3.3V_A Pin=U37-4
Added Pin To Net: NetName=+3.3V_A Pin=U37-5
Added Pin To Net: NetName=+3.3V_A Pin=U37-6
Added Pin To Net: NetName=+3.3V_A Pin=U37-7
Added Pin To Net: NetName=+3.3V_A Pin=U37-8
Added Pin To Net: NetName=+3.3V_A Pin=U38-1
Added Pin To Net: NetName=+3.3V_A Pin=U39-4
Added Pin To Net: NetName=+3.3V_A Pin=U39-5
Added Pin To Net: NetName=+3.3V_A Pin=U39-6
Added Pin To Net: NetName=+3.3V_A Pin=U39-7
Added Pin To Net: NetName=+3.3V_A Pin=U39-8
Added Net: Name=+3.3V_A
Added Pin To Net: NetName=+3.3V_D Pin=C12-2
Added Pin To Net: NetName=+3.3V_D Pin=C13-2
Added Pin To Net: NetName=+3.3V_D Pin=C14-2
Added Pin To Net: NetName=+3.3V_D Pin=C15-2
Added Pin To Net: NetName=+3.3V_D Pin=C16-2
Added Pin To Net: NetName=+3.3V_D Pin=C17-2
Added Pin To Net: NetName=+3.3V_D Pin=FB1-2
Added Pin To Net: NetName=+3.3V_D Pin=J1-1
Added Pin To Net: NetName=+3.3V_D Pin=R5-2
Added Pin To Net: NetName=+3.3V_D Pin=U5-1
Added Pin To Net: NetName=+3.3V_D Pin=U5-19
Added Pin To Net: NetName=+3.3V_D Pin=U5-32
Added Pin To Net: NetName=+3.3V_D Pin=U5-48
Added Pin To Net: NetName=+3.3V_D Pin=U5-64
Added Net: Name=+3.3V_D
Added Pin To Net: NetName=+5V_USB_1 Pin=C58-2
Added Pin To Net: NetName=+5V_USB_1 Pin=C62-1
Added Pin To Net: NetName=+5V_USB_1 Pin=L12-1
Added Pin To Net: NetName=+5V_USB_1 Pin=U20-3
Added Pin To Net: NetName=+5V_USB_1 Pin=U22-3
Added Net: Name=+5V_USB_1
Added Pin To Net: NetName=+5V_USB_2 Pin=C66-2
Added Pin To Net: NetName=+5V_USB_2 Pin=C68-1
Added Pin To Net: NetName=+5V_USB_2 Pin=L14-1
Added Pin To Net: NetName=+5V_USB_2 Pin=U24-3
Added Pin To Net: NetName=+5V_USB_2 Pin=U25-3
Added Net: Name=+5V_USB_2
Added Pin To Net: NetName=+5V_USB_3 Pin=C74-2
Added Pin To Net: NetName=+5V_USB_3 Pin=C78-1
Added Pin To Net: NetName=+5V_USB_3 Pin=L16-1
Added Pin To Net: NetName=+5V_USB_3 Pin=U28-3
Added Pin To Net: NetName=+5V_USB_3 Pin=U29-3
Added Net: Name=+5V_USB_3
Added Pin To Net: NetName=+5V_USB_4 Pin=C82-2
Added Pin To Net: NetName=+5V_USB_4 Pin=C86-1
Added Pin To Net: NetName=+5V_USB_4 Pin=L18-1
Added Pin To Net: NetName=+5V_USB_4 Pin=U32-3
Added Pin To Net: NetName=+5V_USB_4 Pin=U34-3
Added Net: Name=+5V_USB_4
Added Pin To Net: NetName=+5V_USB_5 Pin=C92-2
Added Pin To Net: NetName=+5V_USB_5 Pin=C96-1
Added Pin To Net: NetName=+5V_USB_5 Pin=L21-1
Added Pin To Net: NetName=+5V_USB_5 Pin=U38-3
Added Pin To Net: NetName=+5V_USB_5 Pin=U39-3
Added Net: Name=+5V_USB_5
Added Pin To Net: NetName=+5V_USB_6 Pin=C60-2
Added Pin To Net: NetName=+5V_USB_6 Pin=C64-1
Added Pin To Net: NetName=+5V_USB_6 Pin=L13-1
Added Pin To Net: NetName=+5V_USB_6 Pin=U21-3
Added Pin To Net: NetName=+5V_USB_6 Pin=U23-3
Added Net: Name=+5V_USB_6
Added Pin To Net: NetName=+5V_USB_7 Pin=C70-2
Added Pin To Net: NetName=+5V_USB_7 Pin=C72-1
Added Pin To Net: NetName=+5V_USB_7 Pin=L15-1
Added Pin To Net: NetName=+5V_USB_7 Pin=U26-3
Added Pin To Net: NetName=+5V_USB_7 Pin=U27-3
Added Net: Name=+5V_USB_7
Added Pin To Net: NetName=+5V_USB_8 Pin=C76-2
Added Pin To Net: NetName=+5V_USB_8 Pin=C80-1
Added Pin To Net: NetName=+5V_USB_8 Pin=L17-1
Added Pin To Net: NetName=+5V_USB_8 Pin=U30-3
Added Pin To Net: NetName=+5V_USB_8 Pin=U31-3
Added Net: Name=+5V_USB_8
Added Pin To Net: NetName=+5V_USB_9 Pin=C84-2
Added Pin To Net: NetName=+5V_USB_9 Pin=C88-1
Added Pin To Net: NetName=+5V_USB_9 Pin=L19-1
Added Pin To Net: NetName=+5V_USB_9 Pin=U33-3
Added Pin To Net: NetName=+5V_USB_9 Pin=U35-3
Added Net: Name=+5V_USB_9
Added Pin To Net: NetName=+5V_USB_10 Pin=C90-2
Added Pin To Net: NetName=+5V_USB_10 Pin=C94-1
Added Pin To Net: NetName=+5V_USB_10 Pin=L20-1
Added Pin To Net: NetName=+5V_USB_10 Pin=U36-3
Added Pin To Net: NetName=+5V_USB_10 Pin=U37-3
Added Net: Name=+5V_USB_10
Added Pin To Net: NetName=+5V_USB_OUT_1 Pin=C57-2
Added Pin To Net: NetName=+5V_USB_OUT_1 Pin=J6-1
Added Pin To Net: NetName=+5V_USB_OUT_1 Pin=R39-1
Added Pin To Net: NetName=+5V_USB_OUT_1 Pin=R40-1
Added Pin To Net: NetName=+5V_USB_OUT_1 Pin=U20-2
Added Net: Name=+5V_USB_OUT_1
Added Pin To Net: NetName=+5V_USB_OUT_2 Pin=C65-2
Added Pin To Net: NetName=+5V_USB_OUT_2 Pin=J8-1
Added Pin To Net: NetName=+5V_USB_OUT_2 Pin=R47-1
Added Pin To Net: NetName=+5V_USB_OUT_2 Pin=R48-1
Added Pin To Net: NetName=+5V_USB_OUT_2 Pin=U24-2
Added Net: Name=+5V_USB_OUT_2
Added Pin To Net: NetName=+5V_USB_OUT_3 Pin=C73-2
Added Pin To Net: NetName=+5V_USB_OUT_3 Pin=J10-1
Added Pin To Net: NetName=+5V_USB_OUT_3 Pin=R55-1
Added Pin To Net: NetName=+5V_USB_OUT_3 Pin=R56-1
Added Pin To Net: NetName=+5V_USB_OUT_3 Pin=U28-2
Added Net: Name=+5V_USB_OUT_3
Added Pin To Net: NetName=+5V_USB_OUT_4 Pin=C81-2
Added Pin To Net: NetName=+5V_USB_OUT_4 Pin=J12-1
Added Pin To Net: NetName=+5V_USB_OUT_4 Pin=R63-1
Added Pin To Net: NetName=+5V_USB_OUT_4 Pin=R64-1
Added Pin To Net: NetName=+5V_USB_OUT_4 Pin=U32-2
Added Net: Name=+5V_USB_OUT_4
Added Pin To Net: NetName=+5V_USB_OUT_5 Pin=C91-2
Added Pin To Net: NetName=+5V_USB_OUT_5 Pin=J15-1
Added Pin To Net: NetName=+5V_USB_OUT_5 Pin=R73-1
Added Pin To Net: NetName=+5V_USB_OUT_5 Pin=R74-1
Added Pin To Net: NetName=+5V_USB_OUT_5 Pin=U38-2
Added Net: Name=+5V_USB_OUT_5
Added Pin To Net: NetName=+5V_USB_OUT_6 Pin=C59-2
Added Pin To Net: NetName=+5V_USB_OUT_6 Pin=J7-1
Added Pin To Net: NetName=+5V_USB_OUT_6 Pin=R41-1
Added Pin To Net: NetName=+5V_USB_OUT_6 Pin=R42-1
Added Pin To Net: NetName=+5V_USB_OUT_6 Pin=U21-2
Added Net: Name=+5V_USB_OUT_6
Added Pin To Net: NetName=+5V_USB_OUT_7 Pin=C69-2
Added Pin To Net: NetName=+5V_USB_OUT_7 Pin=J9-1
Added Pin To Net: NetName=+5V_USB_OUT_7 Pin=R49-1
Added Pin To Net: NetName=+5V_USB_OUT_7 Pin=R50-1
Added Pin To Net: NetName=+5V_USB_OUT_7 Pin=U26-2
Added Net: Name=+5V_USB_OUT_7
Added Pin To Net: NetName=+5V_USB_OUT_8 Pin=C75-2
Added Pin To Net: NetName=+5V_USB_OUT_8 Pin=J11-1
Added Pin To Net: NetName=+5V_USB_OUT_8 Pin=R57-1
Added Pin To Net: NetName=+5V_USB_OUT_8 Pin=R58-1
Added Pin To Net: NetName=+5V_USB_OUT_8 Pin=U30-2
Added Net: Name=+5V_USB_OUT_8
Added Pin To Net: NetName=+5V_USB_OUT_9 Pin=C83-2
Added Pin To Net: NetName=+5V_USB_OUT_9 Pin=J13-1
Added Pin To Net: NetName=+5V_USB_OUT_9 Pin=R65-1
Added Pin To Net: NetName=+5V_USB_OUT_9 Pin=R66-1
Added Pin To Net: NetName=+5V_USB_OUT_9 Pin=U33-2
Added Net: Name=+5V_USB_OUT_9
Added Pin To Net: NetName=+5V_USB_OUT_10 Pin=C89-2
Added Pin To Net: NetName=+5V_USB_OUT_10 Pin=J14-1
Added Pin To Net: NetName=+5V_USB_OUT_10 Pin=R71-1
Added Pin To Net: NetName=+5V_USB_OUT_10 Pin=R72-1
Added Pin To Net: NetName=+5V_USB_OUT_10 Pin=U36-2
Added Net: Name=+5V_USB_OUT_10
Added Pin To Net: NetName=+5V Pin=C4-1
Added Pin To Net: NetName=+5V Pin=C6-2
Added Pin To Net: NetName=+5V Pin=C7-2
Added Pin To Net: NetName=+5V Pin=J2-1
Added Pin To Net: NetName=+5V Pin=L1-2
Added Pin To Net: NetName=+5V Pin=R4-2
Added Pin To Net: NetName=+5V Pin=U2-4
Added Pin To Net: NetName=+5V Pin=U3-1
Added Pin To Net: NetName=+5V Pin=U3-3
Added Pin To Net: NetName=+5V Pin=U4-1
Added Pin To Net: NetName=+5V Pin=U4-3
Added Net: Name=+5V
Added Pin To Net: NetName=+12V Pin=C1-1
Added Pin To Net: NetName=+12V Pin=C3-2
Added Pin To Net: NetName=+12V Pin=L2-1
Added Pin To Net: NetName=+12V Pin=L3-1
Added Pin To Net: NetName=+12V Pin=L4-1
Added Pin To Net: NetName=+12V Pin=L5-1
Added Pin To Net: NetName=+12V Pin=R3-2
Added Pin To Net: NetName=+12V Pin=U1-5
Added Pin To Net: NetName=+12V Pin=U2-1
Added Pin To Net: NetName=+12V Pin=U2-2
Added Pin To Net: NetName=+12V Pin=U6-1
Added Pin To Net: NetName=+12V Pin=U7-1
Added Pin To Net: NetName=+12V Pin=U10-1
Added Pin To Net: NetName=+12V Pin=U11-1
Added Net: Name=+12V
Added Pin To Net: NetName=BOOST_H_GATE Pin=Q2-1
Added Pin To Net: NetName=BOOST_H_GATE Pin=R14-1
Added Pin To Net: NetName=BOOST_H_GATE Pin=R16-1
Added Net: Name=BOOST_H_GATE
Added Pin To Net: NetName=BOOST_H_PWR Pin=C24-1
Added Pin To Net: NetName=BOOST_H_PWR Pin=U7-5
Added Pin To Net: NetName=BOOST_H_PWR Pin=U9-4
Added Net: Name=BOOST_H_PWR
Added Pin To Net: NetName=BOOST_IND_OUT Pin=C24-2
Added Pin To Net: NetName=BOOST_IND_OUT Pin=C36-2
Added Pin To Net: NetName=BOOST_IND_OUT Pin=C39-1
Added Pin To Net: NetName=BOOST_IND_OUT Pin=L6-2
Added Pin To Net: NetName=BOOST_IND_OUT Pin=Q2-3
Added Pin To Net: NetName=BOOST_IND_OUT Pin=Q5-2
Added Pin To Net: NetName=BOOST_IND_OUT Pin=U7-8
Added Pin To Net: NetName=BOOST_IND_OUT Pin=U9-3
Added Net: Name=BOOST_IND_OUT
Added Pin To Net: NetName=BOOST_L_GATE Pin=Q5-1
Added Pin To Net: NetName=BOOST_L_GATE Pin=R18-1
Added Pin To Net: NetName=BOOST_L_GATE Pin=R20-1
Added Net: Name=BOOST_L_GATE
Added Pin To Net: NetName=BOOST_L_PWR Pin=C31-1
Added Pin To Net: NetName=BOOST_L_PWR Pin=U11-5
Added Pin To Net: NetName=BOOST_L_PWR Pin=U13-4
Added Net: Name=BOOST_L_PWR
Added Pin To Net: NetName=BOOST_PWM_H Pin=U5-21
Added Pin To Net: NetName=BOOST_PWM_H Pin=U7-2
Added Net: Name=BOOST_PWM_H
Added Pin To Net: NetName=BOOST_PWM_L Pin=U5-17
Added Pin To Net: NetName=BOOST_PWM_L Pin=U11-2
Added Net: Name=BOOST_PWM_L
Added Pin To Net: NetName=BUCK_H_GATE Pin=Q3-1
Added Pin To Net: NetName=BUCK_H_GATE Pin=R13-1
Added Pin To Net: NetName=BUCK_H_GATE Pin=R15-1
Added Net: Name=BUCK_H_GATE
Added Pin To Net: NetName=BUCK_H_PWR Pin=C22-1
Added Pin To Net: NetName=BUCK_H_PWR Pin=U6-5
Added Pin To Net: NetName=BUCK_H_PWR Pin=U8-4
Added Net: Name=BUCK_H_PWR
Added Pin To Net: NetName=BUCK_IND_IN Pin=C22-2
Added Pin To Net: NetName=BUCK_IND_IN Pin=C37-2
Added Pin To Net: NetName=BUCK_IND_IN Pin=C40-1
Added Pin To Net: NetName=BUCK_IND_IN Pin=L7-1
Added Pin To Net: NetName=BUCK_IND_IN Pin=L8-1
Added Pin To Net: NetName=BUCK_IND_IN Pin=L9-1
Added Pin To Net: NetName=BUCK_IND_IN Pin=L10-1
Added Pin To Net: NetName=BUCK_IND_IN Pin=L11-1
Added Pin To Net: NetName=BUCK_IND_IN Pin=Q3-3
Added Pin To Net: NetName=BUCK_IND_IN Pin=Q4-2
Added Pin To Net: NetName=BUCK_IND_IN Pin=U6-8
Added Pin To Net: NetName=BUCK_IND_IN Pin=U8-3
Added Net: Name=BUCK_IND_IN
Added Pin To Net: NetName=BUCK_L_GATE Pin=Q4-1
Added Pin To Net: NetName=BUCK_L_GATE Pin=R17-1
Added Pin To Net: NetName=BUCK_L_GATE Pin=R19-1
Added Net: Name=BUCK_L_GATE
Added Pin To Net: NetName=BUCK_L_PWR Pin=C29-1
Added Pin To Net: NetName=BUCK_L_PWR Pin=U10-5
Added Pin To Net: NetName=BUCK_L_PWR Pin=U12-4
Added Net: Name=BUCK_L_PWR
Added Pin To Net: NetName=BUCK_PWM_H Pin=U5-26
Added Pin To Net: NetName=BUCK_PWM_H Pin=U6-2
Added Net: Name=BUCK_PWM_H
Added Pin To Net: NetName=BUCK_PWM_L Pin=U5-29
Added Pin To Net: NetName=BUCK_PWM_L Pin=U10-2
Added Net: Name=BUCK_PWM_L
Added Pin To Net: NetName=ENUV Pin=R1-2
Added Pin To Net: NetName=ENUV Pin=R7-1
Added Pin To Net: NetName=ENUV Pin=U1-3
Added Net: Name=ENUV
Added Pin To Net: NetName=FAN_TOGGLE Pin=R11-1
Added Pin To Net: NetName=FAN_TOGGLE Pin=R12-1
Added Pin To Net: NetName=FAN_TOGGLE Pin=U5-23
Added Net: Name=FAN_TOGGLE
Added Pin To Net: NetName=FLT Pin=D2-2
Added Pin To Net: NetName=FLT Pin=U1-6
Added Net: Name=FLT
Added Pin To Net: NetName=FR_DIAG Pin=R21-2
Added Pin To Net: NetName=FR_DIAG Pin=U5-34
Added Net: Name=FR_DIAG
Added Pin To Net: NetName=FUSE_IN Pin=D1-1
Added Pin To Net: NetName=FUSE_IN Pin=R1-1
Added Pin To Net: NetName=FUSE_IN Pin=R2-2
Added Pin To Net: NetName=FUSE_IN Pin=U1-4
Added Net: Name=FUSE_IN
Added Pin To Net: NetName=LOAD_DISCONNECT Pin=R22-2
Added Pin To Net: NetName=LOAD_DISCONNECT Pin=U5-41
Added Net: Name=LOAD_DISCONNECT
Added Pin To Net: NetName=NetC2_2 Pin=C2-2
Added Pin To Net: NetName=NetC2_2 Pin=U1-2
Added Net: Name=NetC2_2
Added Pin To Net: NetName=NetC5_2 Pin=C5-2
Added Pin To Net: NetName=NetC5_2 Pin=U2-3
Added Net: Name=NetC5_2
Added Pin To Net: NetName=NetC8_2 Pin=C8-2
Added Pin To Net: NetName=NetC8_2 Pin=FB1-1
Added Pin To Net: NetName=NetC8_2 Pin=U3-5
Added Net: Name=NetC8_2
Added Pin To Net: NetName=NetC9_2 Pin=C9-2
Added Pin To Net: NetName=NetC9_2 Pin=FB2-1
Added Pin To Net: NetName=NetC9_2 Pin=U4-5
Added Net: Name=NetC9_2
Added Pin To Net: NetName=NetC10_2 Pin=C10-2
Added Pin To Net: NetName=NetC10_2 Pin=U3-4
Added Net: Name=NetC10_2
Added Pin To Net: NetName=NetC11_2 Pin=C11-2
Added Pin To Net: NetName=NetC11_2 Pin=U4-4
Added Net: Name=NetC11_2
Added Pin To Net: NetName=NetC21_1 Pin=R10-1
Added Pin To Net: NetName=NetC21_1 Pin=Y1-1
Added Net: Name=NetC21_1
Added Pin To Net: NetName=NetC23_2 Pin=C23-2
Added Pin To Net: NetName=NetC23_2 Pin=L2-2
Added Pin To Net: NetName=NetC23_2 Pin=U8-1
Added Net: Name=NetC23_2
Added Pin To Net: NetName=NetC25_2 Pin=C25-2
Added Pin To Net: NetName=NetC25_2 Pin=L3-2
Added Pin To Net: NetName=NetC25_2 Pin=U9-1
Added Net: Name=NetC25_2
Added Pin To Net: NetName=NetC28_2 Pin=C28-2
Added Pin To Net: NetName=NetC28_2 Pin=L4-2
Added Pin To Net: NetName=NetC28_2 Pin=U12-1
Added Net: Name=NetC28_2
Added Pin To Net: NetName=NetC30_2 Pin=C30-2
Added Pin To Net: NetName=NetC30_2 Pin=L5-2
Added Pin To Net: NetName=NetC30_2 Pin=U13-1
Added Net: Name=NetC30_2
Added Pin To Net: NetName=NetC38_1 Pin=C38-1
Added Pin To Net: NetName=NetC38_1 Pin=D10-1
Added Pin To Net: NetName=NetC38_1 Pin=F?-2
Added Pin To Net: NetName=NetC38_1 Pin=L6-1
Added Net: Name=NetC38_1
Added Pin To Net: NetName=NetC44_1 Pin=C44-1
Added Pin To Net: NetName=NetC44_1 Pin=R26-2
Added Pin To Net: NetName=NetC44_1 Pin=R27-1
Added Net: Name=NetC44_1
Added Pin To Net: NetName=NetC44_2 Pin=C44-2
Added Pin To Net: NetName=NetC44_2 Pin=C45-2
Added Pin To Net: NetName=NetC44_2 Pin=R25-2
Added Net: Name=NetC44_2
Added Pin To Net: NetName=NetC49_1 Pin=C49-1
Added Pin To Net: NetName=NetC49_1 Pin=R31-2
Added Pin To Net: NetName=NetC49_1 Pin=R32-1
Added Net: Name=NetC49_1
Added Pin To Net: NetName=NetC49_2 Pin=C49-2
Added Pin To Net: NetName=NetC49_2 Pin=C50-2
Added Pin To Net: NetName=NetC49_2 Pin=R30-2
Added Net: Name=NetC49_2
Added Pin To Net: NetName=NetC53_1 Pin=C53-1
Added Pin To Net: NetName=NetC53_1 Pin=R36-2
Added Pin To Net: NetName=NetC53_1 Pin=R37-1
Added Net: Name=NetC53_1
Added Pin To Net: NetName=NetC53_2 Pin=C53-2
Added Pin To Net: NetName=NetC53_2 Pin=C55-2
Added Pin To Net: NetName=NetC53_2 Pin=R35-2
Added Net: Name=NetC53_2
Added Pin To Net: NetName=NetD2_1 Pin=D2-1
Added Pin To Net: NetName=NetD2_1 Pin=R2-1
Added Net: Name=NetD2_1
Added Pin To Net: NetName=NetD3_1 Pin=D3-1
Added Pin To Net: NetName=NetD3_1 Pin=R3-1
Added Net: Name=NetD3_1
Added Pin To Net: NetName=NetD4_1 Pin=D4-1
Added Pin To Net: NetName=NetD4_1 Pin=R4-1
Added Net: Name=NetD4_1
Added Pin To Net: NetName=NetD5_1 Pin=D5-1
Added Pin To Net: NetName=NetD5_1 Pin=R5-1
Added Net: Name=NetD5_1
Added Pin To Net: NetName=NetD6_1 Pin=D6-1
Added Pin To Net: NetName=NetD6_1 Pin=R6-1
Added Net: Name=NetD6_1
Added Pin To Net: NetName=NetD11_2 Pin=D11-1
Added Pin To Net: NetName=NetD11_2 Pin=L12-2
Added Pin To Net: NetName=NetD11_2 Pin=U22-2
Added Net: Name=NetD11_2
Added Pin To Net: NetName=NetD12_2 Pin=D12-1
Added Pin To Net: NetName=NetD12_2 Pin=L13-2
Added Pin To Net: NetName=NetD12_2 Pin=U23-2
Added Net: Name=NetD12_2
Added Pin To Net: NetName=NetD13_2 Pin=D13-1
Added Pin To Net: NetName=NetD13_2 Pin=L14-2
Added Pin To Net: NetName=NetD13_2 Pin=U25-2
Added Net: Name=NetD13_2
Added Pin To Net: NetName=NetD14_2 Pin=D14-1
Added Pin To Net: NetName=NetD14_2 Pin=L15-2
Added Pin To Net: NetName=NetD14_2 Pin=U27-2
Added Net: Name=NetD14_2
Added Pin To Net: NetName=NetD15_2 Pin=D15-1
Added Pin To Net: NetName=NetD15_2 Pin=L16-2
Added Pin To Net: NetName=NetD15_2 Pin=U29-2
Added Net: Name=NetD15_2
Added Pin To Net: NetName=NetD16_2 Pin=D16-1
Added Pin To Net: NetName=NetD16_2 Pin=L17-2
Added Pin To Net: NetName=NetD16_2 Pin=U31-2
Added Net: Name=NetD16_2
Added Pin To Net: NetName=NetD17_2 Pin=D17-1
Added Pin To Net: NetName=NetD17_2 Pin=L18-2
Added Pin To Net: NetName=NetD17_2 Pin=U34-2
Added Net: Name=NetD17_2
Added Pin To Net: NetName=NetD18_2 Pin=D18-1
Added Pin To Net: NetName=NetD18_2 Pin=L19-2
Added Pin To Net: NetName=NetD18_2 Pin=U35-2
Added Net: Name=NetD18_2
Added Pin To Net: NetName=NetD19_2 Pin=D19-1
Added Pin To Net: NetName=NetD19_2 Pin=L20-2
Added Pin To Net: NetName=NetD19_2 Pin=U37-2
Added Net: Name=NetD19_2
Added Pin To Net: NetName=NetD20_2 Pin=D20-1
Added Pin To Net: NetName=NetD20_2 Pin=L21-2
Added Pin To Net: NetName=NetD20_2 Pin=U39-2
Added Net: Name=NetD20_2
Added Pin To Net: NetName=NetJ2_2 Pin=J2-2
Added Pin To Net: NetName=NetJ2_2 Pin=Q1-2
Added Net: Name=NetJ2_2
Added Pin To Net: NetName=NetJ6_2 Pin=J6-2
Added Pin To Net: NetName=NetJ6_2 Pin=R39-2
Added Pin To Net: NetName=NetJ6_2 Pin=R43-1
Added Net: Name=NetJ6_2
Added Pin To Net: NetName=NetJ6_3 Pin=J6-3
Added Pin To Net: NetName=NetJ6_3 Pin=R40-2
Added Pin To Net: NetName=NetJ6_3 Pin=R44-1
Added Net: Name=NetJ6_3
Added Pin To Net: NetName=NetJ7_2 Pin=J7-2
Added Pin To Net: NetName=NetJ7_2 Pin=R41-2
Added Pin To Net: NetName=NetJ7_2 Pin=R45-1
Added Net: Name=NetJ7_2
Added Pin To Net: NetName=NetJ7_3 Pin=J7-3
Added Pin To Net: NetName=NetJ7_3 Pin=R42-2
Added Pin To Net: NetName=NetJ7_3 Pin=R46-1
Added Net: Name=NetJ7_3
Added Pin To Net: NetName=NetJ8_2 Pin=J8-2
Added Pin To Net: NetName=NetJ8_2 Pin=R48-2
Added Pin To Net: NetName=NetJ8_2 Pin=R51-1
Added Net: Name=NetJ8_2
Added Pin To Net: NetName=NetJ8_3 Pin=J8-3
Added Pin To Net: NetName=NetJ8_3 Pin=R47-2
Added Pin To Net: NetName=NetJ8_3 Pin=R52-1
Added Net: Name=NetJ8_3
Added Pin To Net: NetName=NetJ9_2 Pin=J9-2
Added Pin To Net: NetName=NetJ9_2 Pin=R49-2
Added Pin To Net: NetName=NetJ9_2 Pin=R53-1
Added Net: Name=NetJ9_2
Added Pin To Net: NetName=NetJ9_3 Pin=J9-3
Added Pin To Net: NetName=NetJ9_3 Pin=R50-2
Added Pin To Net: NetName=NetJ9_3 Pin=R54-1
Added Net: Name=NetJ9_3
Added Pin To Net: NetName=NetJ10_2 Pin=J10-2
Added Pin To Net: NetName=NetJ10_2 Pin=R55-2
Added Pin To Net: NetName=NetJ10_2 Pin=R59-1
Added Net: Name=NetJ10_2
Added Pin To Net: NetName=NetJ10_3 Pin=J10-3
Added Pin To Net: NetName=NetJ10_3 Pin=R56-2
Added Pin To Net: NetName=NetJ10_3 Pin=R60-1
Added Net: Name=NetJ10_3
Added Pin To Net: NetName=NetJ11_2 Pin=J11-2
Added Pin To Net: NetName=NetJ11_2 Pin=R57-2
Added Pin To Net: NetName=NetJ11_2 Pin=R61-1
Added Net: Name=NetJ11_2
Added Pin To Net: NetName=NetJ11_3 Pin=J11-3
Added Pin To Net: NetName=NetJ11_3 Pin=R58-2
Added Pin To Net: NetName=NetJ11_3 Pin=R62-1
Added Net: Name=NetJ11_3
Added Pin To Net: NetName=NetJ12_2 Pin=J12-2
Added Pin To Net: NetName=NetJ12_2 Pin=R63-2
Added Pin To Net: NetName=NetJ12_2 Pin=R67-1
Added Net: Name=NetJ12_2
Added Pin To Net: NetName=NetJ12_3 Pin=J12-3
Added Pin To Net: NetName=NetJ12_3 Pin=R64-2
Added Pin To Net: NetName=NetJ12_3 Pin=R68-1
Added Net: Name=NetJ12_3
Added Pin To Net: NetName=NetJ13_2 Pin=J13-2
Added Pin To Net: NetName=NetJ13_2 Pin=R65-2
Added Pin To Net: NetName=NetJ13_2 Pin=R69-1
Added Net: Name=NetJ13_2
Added Pin To Net: NetName=NetJ13_3 Pin=J13-3
Added Pin To Net: NetName=NetJ13_3 Pin=R66-2
Added Pin To Net: NetName=NetJ13_3 Pin=R70-1
Added Net: Name=NetJ13_3
Added Pin To Net: NetName=NetJ14_2 Pin=J14-2
Added Pin To Net: NetName=NetJ14_2 Pin=R71-2
Added Pin To Net: NetName=NetJ14_2 Pin=R75-1
Added Net: Name=NetJ14_2
Added Pin To Net: NetName=NetJ14_3 Pin=J14-3
Added Pin To Net: NetName=NetJ14_3 Pin=R72-2
Added Pin To Net: NetName=NetJ14_3 Pin=R76-1
Added Net: Name=NetJ14_3
Added Pin To Net: NetName=NetJ15_2 Pin=J15-2
Added Pin To Net: NetName=NetJ15_2 Pin=R73-2
Added Pin To Net: NetName=NetJ15_2 Pin=R77-1
Added Net: Name=NetJ15_2
Added Pin To Net: NetName=NetJ15_3 Pin=J15-3
Added Pin To Net: NetName=NetJ15_3 Pin=R74-2
Added Pin To Net: NetName=NetJ15_3 Pin=R78-1
Added Net: Name=NetJ15_3
Added Pin To Net: NetName=NetL1_1 Pin=L1-1
Added Pin To Net: NetName=NetL1_1 Pin=U2-8
Added Net: Name=NetL1_1
Added Pin To Net: NetName=NetQ1_1 Pin=Q1-1
Added Pin To Net: NetName=NetQ1_1 Pin=R11-2
Added Net: Name=NetQ1_1
Added Pin To Net: NetName=NetR8_1 Pin=R8-1
Added Pin To Net: NetName=NetR8_1 Pin=U1-7
Added Net: Name=NetR8_1
Added Pin To Net: NetName=NetR13_2 Pin=R13-2
Added Pin To Net: NetName=NetR13_2 Pin=U6-7
Added Net: Name=NetR13_2
Added Pin To Net: NetName=NetR14_2 Pin=R14-2
Added Pin To Net: NetName=NetR14_2 Pin=U7-7
Added Net: Name=NetR14_2
Added Pin To Net: NetName=NetR15_2 Pin=R15-2
Added Pin To Net: NetName=NetR15_2 Pin=U6-6
Added Net: Name=NetR15_2
Added Pin To Net: NetName=NetR16_2 Pin=R16-2
Added Pin To Net: NetName=NetR16_2 Pin=U7-6
Added Net: Name=NetR16_2
Added Pin To Net: NetName=NetR17_2 Pin=R17-2
Added Pin To Net: NetName=NetR17_2 Pin=U10-7
Added Net: Name=NetR17_2
Added Pin To Net: NetName=NetR18_2 Pin=R18-2
Added Pin To Net: NetName=NetR18_2 Pin=U11-7
Added Net: Name=NetR18_2
Added Pin To Net: NetName=NetR19_2 Pin=R19-2
Added Pin To Net: NetName=NetR19_2 Pin=U10-6
Added Net: Name=NetR19_2
Added Pin To Net: NetName=NetR20_2 Pin=R20-2
Added Pin To Net: NetName=NetR20_2 Pin=U11-6
Added Net: Name=NetR20_2
Added Pin To Net: NetName=NetR21_1 Pin=R21-1
Added Net: Name=NetR21_1
Added Pin To Net: NetName=NetR22_1 Pin=R22-1
Added Net: Name=NetR22_1
Added Pin To Net: NetName=NetR23_1 Pin=R23-1
Added Pin To Net: NetName=NetR23_1 Pin=R24-1
Added Net: Name=NetR23_1
Added Pin To Net: NetName=NetR28_1 Pin=R28-1
Added Pin To Net: NetName=NetR28_1 Pin=U15-3
Added Net: Name=NetR28_1
Added Pin To Net: NetName=NetR34_1 Pin=R34-1
Added Pin To Net: NetName=NetR34_1 Pin=U18-3
Added Net: Name=NetR34_1
Added Pin To Net: NetName=NRST Pin=D8-4
Added Pin To Net: NetName=NRST Pin=J1-5
Added Pin To Net: NetName=NRST Pin=U5-7
Added Net: Name=NRST
Added Pin To Net: NetName=OSC_IN Pin=U5-5
Added Pin To Net: NetName=OSC_IN Pin=Y1-2
Added Net: Name=OSC_IN
Added Pin To Net: NetName=OSC_OUT Pin=R10-2
Added Pin To Net: NetName=OSC_OUT Pin=U5-6
Added Net: Name=OSC_OUT
Added Pin To Net: NetName=OUTPUT_CURR Pin=C54-2
Added Pin To Net: NetName=OUTPUT_CURR Pin=R34-2
Added Pin To Net: NetName=OUTPUT_CURR Pin=U5-20
Added Net: Name=OUTPUT_CURR
Added Pin To Net: NetName=OVP Pin=R7-2
Added Pin To Net: NetName=OVP Pin=R9-1
Added Pin To Net: NetName=OVP Pin=U1-8
Added Net: Name=OVP
Added Pin To Net: NetName=PV_CURR Pin=C48-2
Added Pin To Net: NetName=PV_CURR Pin=R28-2
Added Pin To Net: NetName=PV_CURR Pin=U5-14
Added Net: Name=PV_CURR
Added Pin To Net: NetName=SWCLK Pin=D8-2
Added Pin To Net: NetName=SWCLK Pin=J1-3
Added Pin To Net: NetName=SWCLK Pin=U5-49
Added Net: Name=SWCLK
Added Pin To Net: NetName=SWDIO Pin=D8-1
Added Pin To Net: NetName=SWDIO Pin=J1-2
Added Pin To Net: NetName=SWDIO Pin=U5-46
Added Net: Name=SWDIO
Added Pin To Net: NetName=SWITCH_CS Pin=C34-2
Added Pin To Net: NetName=SWITCH_CS Pin=R23-2
Added Pin To Net: NetName=SWITCH_CS Pin=U5-33
Added Net: Name=SWITCH_CS
Added Pin To Net: NetName=SWO Pin=D8-3
Added Pin To Net: NetName=SWO Pin=J1-4
Added Pin To Net: NetName=SWO Pin=U5-55
Added Net: Name=SWO
Added Pin To Net: NetName=V_BAT_FUSED Pin=C61-2
Added Pin To Net: NetName=V_BAT_FUSED Pin=C63-2
Added Pin To Net: NetName=V_BAT_FUSED Pin=C67-2
Added Pin To Net: NetName=V_BAT_FUSED Pin=C71-2
Added Pin To Net: NetName=V_BAT_FUSED Pin=C77-2
Added Pin To Net: NetName=V_BAT_FUSED Pin=C79-2
Added Pin To Net: NetName=V_BAT_FUSED Pin=C85-2
Added Pin To Net: NetName=V_BAT_FUSED Pin=C87-2
Added Pin To Net: NetName=V_BAT_FUSED Pin=C93-2
Added Pin To Net: NetName=V_BAT_FUSED Pin=C95-2
Added Pin To Net: NetName=V_BAT_FUSED Pin=J3-1
Added Pin To Net: NetName=V_BAT_FUSED Pin=J3-1
Added Pin To Net: NetName=V_BAT_FUSED Pin=J3-1
Added Pin To Net: NetName=V_BAT_FUSED Pin=J3-1
Added Pin To Net: NetName=V_BAT_FUSED Pin=U22-1
Added Pin To Net: NetName=V_BAT_FUSED Pin=U23-1
Added Pin To Net: NetName=V_BAT_FUSED Pin=U25-1
Added Pin To Net: NetName=V_BAT_FUSED Pin=U27-1
Added Pin To Net: NetName=V_BAT_FUSED Pin=U29-1
Added Pin To Net: NetName=V_BAT_FUSED Pin=U31-1
Added Pin To Net: NetName=V_BAT_FUSED Pin=U34-1
Added Pin To Net: NetName=V_BAT_FUSED Pin=U35-1
Added Pin To Net: NetName=V_BAT_FUSED Pin=U37-1
Added Pin To Net: NetName=V_BAT_FUSED Pin=U39-1
Added Net: Name=V_BAT_FUSED
Added Pin To Net: NetName=V_BAT Pin=D1-2
Added Pin To Net: NetName=V_BAT Pin=D7-1
Added Pin To Net: NetName=V_BAT Pin=J5-1
Added Pin To Net: NetName=V_BAT Pin=J5-1
Added Pin To Net: NetName=V_BAT Pin=J5-1
Added Pin To Net: NetName=V_BAT Pin=J5-1
Added Pin To Net: NetName=V_BAT Pin=U18-5
Added Net: Name=V_BAT
Added Pin To Net: NetName=V_PV_IN Pin=J4-1
Added Pin To Net: NetName=V_PV_IN Pin=J4-1
Added Pin To Net: NetName=V_PV_IN Pin=J4-1
Added Pin To Net: NetName=V_PV_IN Pin=J4-1
Added Pin To Net: NetName=V_PV_IN Pin=U15-6
Added Net: Name=V_PV_IN
Added Pin To Net: NetName=VIN_BOOST_DIV_IN Pin=U5-15
Added Pin To Net: NetName=VIN_BOOST_DIV_IN Pin=U16-1
Added Pin To Net: NetName=VIN_BOOST_DIV_IN Pin=U16-4
Added Net: Name=VIN_BOOST_DIV_IN
Added Pin To Net: NetName=VIN_BOOST_DIV Pin=R27-2
Added Pin To Net: NetName=VIN_BOOST_DIV Pin=U16-3
Added Net: Name=VIN_BOOST_DIV
Added Pin To Net: NetName=VIN_BOOST Pin=F?-1
Added Pin To Net: NetName=VIN_BOOST Pin=R25-1
Added Pin To Net: NetName=VIN_BOOST Pin=U15-5
Added Net: Name=VIN_BOOST
Added Pin To Net: NetName=VOUT_BOOST_DIV_IN Pin=U5-11
Added Pin To Net: NetName=VOUT_BOOST_DIV_IN Pin=U17-1
Added Pin To Net: NetName=VOUT_BOOST_DIV_IN Pin=U17-4
Added Net: Name=VOUT_BOOST_DIV_IN
Added Pin To Net: NetName=VOUT_BOOST_DIV Pin=R32-2
Added Pin To Net: NetName=VOUT_BOOST_DIV Pin=U17-3
Added Net: Name=VOUT_BOOST_DIV
Added Pin To Net: NetName=VOUT_BOOST Pin=C35-1
Added Pin To Net: NetName=VOUT_BOOST Pin=C36-1
Added Pin To Net: NetName=VOUT_BOOST Pin=C37-1
Added Pin To Net: NetName=VOUT_BOOST Pin=D9-1
Added Pin To Net: NetName=VOUT_BOOST Pin=Q2-2
Added Pin To Net: NetName=VOUT_BOOST Pin=Q3-2
Added Pin To Net: NetName=VOUT_BOOST Pin=R30-1
Added Net: Name=VOUT_BOOST
Added Pin To Net: NetName=VOUT_BUCK_DIV_IN Pin=U5-8
Added Pin To Net: NetName=VOUT_BUCK_DIV_IN Pin=U19-1
Added Pin To Net: NetName=VOUT_BUCK_DIV_IN Pin=U19-4
Added Net: Name=VOUT_BUCK_DIV_IN
Added Pin To Net: NetName=VOUT_BUCK_DIV Pin=R37-2
Added Pin To Net: NetName=VOUT_BUCK_DIV Pin=U19-3
Added Net: Name=VOUT_BUCK_DIV
Added Pin To Net: NetName=VOUT_BUCK_FUSE Pin=F2-2
Added Pin To Net: NetName=VOUT_BUCK_FUSE Pin=U18-6
Added Net: Name=VOUT_BUCK_FUSE
Added Pin To Net: NetName=VOUT_BUCK Pin=C41-1
Added Pin To Net: NetName=VOUT_BUCK Pin=C42-1
Added Pin To Net: NetName=VOUT_BUCK Pin=C43-1
Added Pin To Net: NetName=VOUT_BUCK Pin=F2-1
Added Pin To Net: NetName=VOUT_BUCK Pin=L7-2
Added Pin To Net: NetName=VOUT_BUCK Pin=L8-2
Added Pin To Net: NetName=VOUT_BUCK Pin=L9-2
Added Pin To Net: NetName=VOUT_BUCK Pin=L10-2
Added Pin To Net: NetName=VOUT_BUCK Pin=L11-2
Added Pin To Net: NetName=VOUT_BUCK Pin=R35-1
Added Net: Name=VOUT_BUCK
