Change Component Designator: Old Designator=C24 New Designator=C25
Change Component Designator: Old Designator=C25 New Designator=C26
Change Component Designator: Old Designator=C26 New Designator=C24
Change Component Designator: Old Designator=C28 New Designator=C32
Change Component Designator: Old Designator=C29 New Designator=C33
Change Component Designator: Old Designator=C30 New Designator=C35
Change Component Designator: Old Designator=C31 New Designator=C36
Change Component Designator: Old Designator=C32 New Designator=C34
Change Component Designator: Old Designator=C33 New Designator=C37
Change Component Designator: Old Designator=C34 New Designator=C42
Change Component Designator: Old Designator=C35 New Designator=C43
Change Component Designator: Old Designator=C36 New Designator=C44
Change Component Designator: Old Designator=C37 New Designator=C45
Change Component Designator: Old Designator=C38 New Designator=C46
Change Component Designator: Old Designator=C39 New Designator=C47
Change Component Designator: Old Designator=C40 New Designator=C48
Change Component Designator: Old Designator=C41 New Designator=C49
Change Component Designator: Old Designator=C42 New Designator=C50
Change Component Designator: Old Designator=C43 New Designator=C51
Change Component Designator: Old Designator=C? New Designator=C28
Change Component Designator: Old Designator=C? New Designator=C29
Change Component Designator: Old Designator=C? New Designator=C30
Change Component Designator: Old Designator=C? New Designator=C31
Change Component Designator: Old Designator=C? New Designator=C38
Change Component Designator: Old Designator=C? New Designator=C39
Change Component Designator: Old Designator=C? New Designator=C40
Change Component Designator: Old Designator=C? New Designator=C41
Change Component Designator: Old Designator=D10 New Designator=D16
Change Component Designator: Old Designator=D? New Designator=D10
Change Component Designator: Old Designator=D? New Designator=D11
Change Component Designator: Old Designator=D? New Designator=D12
Change Component Designator: Old Designator=D? New Designator=D13
Change Component Designator: Old Designator=D? New Designator=D14
Change Component Designator: Old Designator=D? New Designator=D15
Change Component Designator: Old Designator=D? New Designator=D17
Change Component Designator: Old Designator=D? New Designator=D18
Change Component Designator: Old Designator=Q4 New Designator=Q5
Change Component Designator: Old Designator=Q5 New Designator=Q4
Change Component Designator: Old Designator=R20 New Designator=R22
Change Component Designator: Old Designator=R21 New Designator=R23
Change Component Designator: Old Designator=R22 New Designator=R24
Change Component Designator: Old Designator=R23 New Designator=R25
Change Component Designator: Old Designator=R24 New Designator=R28
Change Component Designator: Old Designator=R25 New Designator=R29
Change Component Designator: Old Designator=R26 New Designator=R30
Change Component Designator: Old Designator=R27 New Designator=R31
Change Component Designator: Old Designator=R? New Designator=R20
Change Component Designator: Old Designator=R? New Designator=R21
Change Component Designator: Old Designator=R? New Designator=R26
Change Component Designator: Old Designator=R? New Designator=R27
